2025-12-22T18:25:50.291932  x_socket connecting
2025-12-22T18:25:50.300230 x_socket: {"data": {"status": "noop"}, "status": "ok"}
2025-12-22T18:25:50.300230  x_socket connecting
2025-12-22T18:25:50.562330 x_socket: {"data": {"status": "noop"}, "status": "ok"}
2025-12-22T18:25:50.815482 x_socket: {"data": {"status": "noop"}, "status": "ok"}
2025-12-22T18:25:51.068980 x_socket: {"data": {"jobId": "0", "type": "fg_determine_setup_data", "args": {"Iovm": "/level9/design.ovm", "Icalc": "/../../Run0001/project.input", "Igeo": "/../../Run0001/geometry.input", "lvldir": "level9"}, "status": "started", "data": [], "workerId": "1", "processed": 0}, "status": "ok"}
2025-12-22T18:25:51.070662 x_mode awaitExistence for: C:/Users/simucstvsl/ADSCourse/TutorialTemplate/TutorialTemplate/simulation/TutorialTemplate_lib/Mline/layout/emSetup_FEM/proj.ep/Simulations/000001/emds_dsn/design/level9/design.ovm
2025-12-22T18:25:51.070662 x_mode awaitExistence end.
2025-12-22T18:25:51.070662 x_mode awaitExistence for: C:/Users/simucstvsl/ADSCourse/TutorialTemplate/TutorialTemplate/simulation/TutorialTemplate_lib/Mline/layout/emSetup_FEM/proj.ep/Simulations/000001/Run0001/project.input
2025-12-22T18:25:51.070662 x_mode awaitExistence end.
2025-12-22T18:25:51.071041 x_mode awaitExistence for: C:/Users/simucstvsl/ADSCourse/TutorialTemplate/TutorialTemplate/simulation/TutorialTemplate_lib/Mline/layout/emSetup_FEM/proj.ep/Simulations/000001/Run0001/geometry.input
2025-12-22T18:25:51.071041 x_mode awaitExistence end.
2025-12-22T18:25:51.071041 x_mode awaitExistence for: C:/Users/simucstvsl/ADSCourse/TutorialTemplate/TutorialTemplate/simulation/TutorialTemplate_lib/Mline/layout/emSetup_FEM/proj.ep/Simulations/000001/emds_dsn/design/options.xml
2025-12-22T18:25:51.071041 x_mode awaitExistence end.
2025-12-22T18:25:51.071041 x_mode awaitExistence for: C:/Users/simucstvsl/ADSCourse/TutorialTemplate/TutorialTemplate/simulation/TutorialTemplate_lib/Mline/layout/emSetup_FEM/proj.ep/Simulations/000001/emds_dsn/design/status.sqlite
2025-12-22T18:25:51.071041 x_mode awaitExistence end.
2025-12-22T18:25:51.071041 x_mode awaitExistence for: C:/Users/simucstvsl/ADSCourse/TutorialTemplate/TutorialTemplate/simulation/TutorialTemplate_lib/Mline/layout/emSetup_FEM/proj.ep/Simulations/000001/emds_dsn/design/results.sqlite
2025-12-22T18:25:51.071041 x_mode awaitExistence end.
2025-12-22T18:25:51.311443 x_socket: {"data": {"status": "noop"}, "status": "ok"}
2025-12-22T18:25:51.577331 x_socket: {"data": {"status": "noop"}, "status": "ok"}
2025-12-22T18:25:51.830865 x_socket: {"data": {"status": "noop"}, "status": "ok"}
2025-12-22T18:25:52.084017 x_socket: {"data": {"jobId": "1", "type": "determine_cutoff_intervals", "args": {"minF": "0.000000000000000", "maxF": "6000000000.000000000000000", "Iovm": "/level9/design.ovm", "Icalc": "/../../Run0001/project.input", "Igeo": "/../../Run0001/geometry.input", "lvldir": "level9"}, "status": "started", "data": [], "workerId": "1", "processed": 0}, "status": "ok"}
2025-12-22T18:25:52.086165 x_socket: {"data": {"status": "noop"}, "status": "ok"}
2025-12-22T18:25:52.339152 x_socket: {"data": {"status": "noop"}, "status": "ok"}
2025-12-22T18:25:52.590360 x_socket: {"data": {"jobId": "2", "type": "solve", "args": {"simdir": "f_1000.0", "Fsolve": "1000.000000000000000", "iterative_order": "2", "Iovm": "/level9/design.ovm", "Icalc": "/../../Run0001/project.input", "Igeo": "/../../Run0001/geometry.input", "lvldir": "level9"}, "status": "started", "data": [], "workerId": "1", "processed": 0}, "status": "ok"}
PROGRESS 26
PROGRESS 27
PROGRESS 28
PROGRESS 29
PROGRESS 30
PROGRESS 31
PROGRESS 32
PROGRESS 33
PROGRESS 34
PROGRESS 35
PROGRESS 36
PROGRESS 37
PROGRESS 38
PROGRESS 39
PROGRESS 40
PROGRESS 41
PROGRESS 42
PROGRESS 43
PROGRESS 45
PROGRESS 46
PROGRESS 47
PROGRESS 48
PROGRESS 49
PROGRESS 50
PROGRESS 51
PROGRESS 53
PROGRESS 54
PROGRESS 56
PROGRESS 57
PROGRESS 59
PROGRESS 61
PROGRESS 62
PROGRESS 63
PROGRESS 66
PROGRESS 68
PROGRESS 71
PROGRESS 73
PROGRESS 74
PROGRESS 75
PROGRESS 90
PROGRESS 100

 1. Frequency: 1 kHz      Unknowns:   30220
    Solver:  Direct threaded 64-bit
    CPU time: 00:00:04.3    Elapsed time: 00:00:02.5    Memory: 225.035 Mbyte 
2025-12-22T18:25:53.540261 x_socket: {"data": {"status": "noop"}, "status": "ok"}
2025-12-22T18:25:53.805225 x_socket: {"data": {"status": "noop"}, "status": "ok"}
2025-12-22T18:25:54.058901 x_socket: {"data": {"jobId": "3", "type": "solve", "args": {"simdir": "f_2000000666.6666667", "Fsolve": "2000000666.666666746139526", "iterative_order": "2", "Iovm": "/level9/design.ovm", "Icalc": "/../../Run0001/project.input", "Igeo": "/../../Run0001/geometry.input", "lvldir": "level9"}, "status": "started", "data": [], "workerId": "1", "processed": 0}, "status": "ok"}
PROGRESS 26
PROGRESS 27
PROGRESS 28
PROGRESS 29
PROGRESS 30
PROGRESS 31
PROGRESS 32
PROGRESS 33
PROGRESS 34
PROGRESS 35
PROGRESS 36
PROGRESS 37
PROGRESS 38
PROGRESS 39
PROGRESS 40
PROGRESS 41
PROGRESS 42
PROGRESS 43
PROGRESS 44
PROGRESS 45
PROGRESS 47
PROGRESS 48
PROGRESS 49
PROGRESS 50
PROGRESS 51
PROGRESS 52
PROGRESS 53
PROGRESS 54
PROGRESS 56
PROGRESS 57
PROGRESS 58
PROGRESS 60
PROGRESS 61
PROGRESS 62
PROGRESS 63
PROGRESS 65
PROGRESS 66
PROGRESS 67
PROGRESS 70
PROGRESS 71
PROGRESS 73
PROGRESS 74
PROGRESS 75
PROGRESS 90
PROGRESS 100

 2. Frequency: 2 GHz      Unknowns:   30220
    Solver:  Direct threaded 64-bit
    CPU time: 00:00:02.6    Elapsed time: 00:00:01.1    Memory: 225.684 Mbyte 
2025-12-22T18:25:54.653518 x_socket: {"data": {"jobId": "4", "type": "solve", "args": {"simdir": "f_4000000333.3333335", "Fsolve": "4000000333.333333492279053", "iterative_order": "2", "Iovm": "/level9/design.ovm", "Icalc": "/../../Run0001/project.input", "Igeo": "/../../Run0001/geometry.input", "lvldir": "level9"}, "status": "started", "data": [], "workerId": "1", "processed": 0}, "status": "ok"}
PROGRESS 26
PROGRESS 27
PROGRESS 28
PROGRESS 29
PROGRESS 30
PROGRESS 31
PROGRESS 32
PROGRESS 33
PROGRESS 34
PROGRESS 35
PROGRESS 36
PROGRESS 37
PROGRESS 38
PROGRESS 39
PROGRESS 40
PROGRESS 41
PROGRESS 42
PROGRESS 43
PROGRESS 44
PROGRESS 45
PROGRESS 46
PROGRESS 47
PROGRESS 48
PROGRESS 49
PROGRESS 50
PROGRESS 51
PROGRESS 53
PROGRESS 55
PROGRESS 56
PROGRESS 57
PROGRESS 60
PROGRESS 61
PROGRESS 63
PROGRESS 64
PROGRESS 68
PROGRESS 70
PROGRESS 71
PROGRESS 73
PROGRESS 74
PROGRESS 75
PROGRESS 90
PROGRESS 100

 3. Frequency: 4 GHz      Unknowns:   30220
    Solver:  Direct threaded 64-bit
    CPU time: 00:00:02.5    Elapsed time: 00:00:00.6    Memory: 225.727 Mbyte 
2025-12-22T18:25:55.265160 x_socket: {"data": {"status": "noop"}, "status": "ok"}
2025-12-22T18:25:55.526138 x_socket: {"data": {"jobId": "5", "type": "solve", "args": {"simdir": "f_1000000833.3333334", "Fsolve": "1000000833.333333373069763", "iterative_order": "2", "Iovm": "/level9/design.ovm", "Icalc": "/../../Run0001/project.input", "Igeo": "/../../Run0001/geometry.input", "lvldir": "level9"}, "status": "started", "data": [], "workerId": "1", "processed": 0}, "status": "ok"}
PROGRESS 26
PROGRESS 27
PROGRESS 28
PROGRESS 29
PROGRESS 30
PROGRESS 31
PROGRESS 32
PROGRESS 33
PROGRESS 34
PROGRESS 35
PROGRESS 36
PROGRESS 37
PROGRESS 38
PROGRESS 39
PROGRESS 40
PROGRESS 41
PROGRESS 42
PROGRESS 43
PROGRESS 45
PROGRESS 46
PROGRESS 47
PROGRESS 49
PROGRESS 50
PROGRESS 51
PROGRESS 53
PROGRESS 54
PROGRESS 57
PROGRESS 60
PROGRESS 62
PROGRESS 63
PROGRESS 66
PROGRESS 69
PROGRESS 72
PROGRESS 74
PROGRESS 75
PROGRESS 90
PROGRESS 100

 4. Frequency: 1 GHz      Unknowns:   30220
    Solver:  Direct threaded 64-bit
    CPU time: 00:00:02.7    Elapsed time: 00:00:00.8    Memory: 225.754 Mbyte 
2025-12-22T18:25:56.094675 x_socket: {"data": {"status": "noop"}, "status": "ok"}
2025-12-22T18:25:56.348897 x_socket: {"data": {"status": "noop"}, "status": "ok"}
2025-12-22T18:25:56.601650 x_socket: {"data": {"jobId": "6", "type": "solve", "args": {"simdir": "f_1500000750.0", "Fsolve": "1500000750.000000000000000", "iterative_order": "2", "Iovm": "/level9/design.ovm", "Icalc": "/../../Run0001/project.input", "Igeo": "/../../Run0001/geometry.input", "lvldir": "level9"}, "status": "started", "data": [], "workerId": "1", "processed": 0}, "status": "ok"}
PROGRESS 26
PROGRESS 27
PROGRESS 28
PROGRESS 29
PROGRESS 30
PROGRESS 31
PROGRESS 32
PROGRESS 33
PROGRESS 34
PROGRESS 35
PROGRESS 36
PROGRESS 37
PROGRESS 38
PROGRESS 39
PROGRESS 40
PROGRESS 41
PROGRESS 42
PROGRESS 43
PROGRESS 44
PROGRESS 45
PROGRESS 46
PROGRESS 47
PROGRESS 49
PROGRESS 50
PROGRESS 51
PROGRESS 52
PROGRESS 53
PROGRESS 54
PROGRESS 55
PROGRESS 57
PROGRESS 58
PROGRESS 60
PROGRESS 61
PROGRESS 63
PROGRESS 66
PROGRESS 68
PROGRESS 71
PROGRESS 73
PROGRESS 74
PROGRESS 75
PROGRESS 90
PROGRESS 100

 5. Frequency: 1.5 GHz      Unknowns:   30220
    Solver:  Direct threaded 64-bit
    CPU time: 00:00:02.9    Elapsed time: 00:00:01.1    Memory: 226.000 Mbyte 
2025-12-22T18:25:57.209208 x_socket: {"data": {"status": "noop"}, "status": "ok"}
2025-12-22T18:25:57.468902 x_socket: {"data": {"status": "noop"}, "status": "ok"}
2025-12-22T18:25:57.722457 x_socket: {"data": {"jobId": "7", "type": "solve", "args": {"simdir": "f_5000000166.666667", "Fsolve": "5000000166.666666984558105", "iterative_order": "2", "Iovm": "/level9/design.ovm", "Icalc": "/../../Run0001/project.input", "Igeo": "/../../Run0001/geometry.input", "lvldir": "level9"}, "status": "started", "data": [], "workerId": "1", "processed": 0}, "status": "ok"}
PROGRESS 26
PROGRESS 27
PROGRESS 28
PROGRESS 29
PROGRESS 30
PROGRESS 31
PROGRESS 32
PROGRESS 33
PROGRESS 34
PROGRESS 35
PROGRESS 36
PROGRESS 37
PROGRESS 38
PROGRESS 39
PROGRESS 40
PROGRESS 41
PROGRESS 42
PROGRESS 43
PROGRESS 44
PROGRESS 45
PROGRESS 46
PROGRESS 47
PROGRESS 48
PROGRESS 49
PROGRESS 52
PROGRESS 53
PROGRESS 55
PROGRESS 56
PROGRESS 57
PROGRESS 58
PROGRESS 60
PROGRESS 61
PROGRESS 63
PROGRESS 64
PROGRESS 65
PROGRESS 66
PROGRESS 67
PROGRESS 69
PROGRESS 72
PROGRESS 73
PROGRESS 74
PROGRESS 75
PROGRESS 90
PROGRESS 100

 6. Frequency: 5 GHz      Unknowns:   30220
    Solver:  Direct threaded 64-bit
    CPU time: 00:00:02.6    Elapsed time: 00:00:01.1    Memory: 226.000 Mbyte 
2025-12-22T18:25:58.304220 x_socket: {"data": {"status": "noop"}, "status": "ok"}
2025-12-22T18:25:58.557232 x_socket: {"data": {"status": "noop"}, "status": "ok"}
2025-12-22T18:25:58.811901 x_socket: {"data": {"jobId": "8", "type": "solve", "args": {"simdir": "f_4500000250.0", "Fsolve": "4500000250.000000000000000", "iterative_order": "2", "Iovm": "/level9/design.ovm", "Icalc": "/../../Run0001/project.input", "Igeo": "/../../Run0001/geometry.input", "lvldir": "level9"}, "status": "started", "data": [], "workerId": "1", "processed": 0}, "status": "ok"}
PROGRESS 26
PROGRESS 27
PROGRESS 28
PROGRESS 29
PROGRESS 30
PROGRESS 31
PROGRESS 32
PROGRESS 33
PROGRESS 34
PROGRESS 35
PROGRESS 36
PROGRESS 37
PROGRESS 38
PROGRESS 39
PROGRESS 40
PROGRESS 41
PROGRESS 42
PROGRESS 43
PROGRESS 44
PROGRESS 45
PROGRESS 47
PROGRESS 48
PROGRESS 49
PROGRESS 50
PROGRESS 52
PROGRESS 53
PROGRESS 54
PROGRESS 55
PROGRESS 56
PROGRESS 58
PROGRESS 60
PROGRESS 62
PROGRESS 63
PROGRESS 65
PROGRESS 68
PROGRESS 69
PROGRESS 72
PROGRESS 73
PROGRESS 74
PROGRESS 75
PROGRESS 90
PROGRESS 100

 7. Frequency: 4.5 GHz      Unknowns:   30220
    Solver:  Direct threaded 64-bit
    CPU time: 00:00:02.7    Elapsed time: 00:00:01.1    Memory: 226.000 Mbyte 
2025-12-22T18:25:59.420617 x_socket: {"data": {"status": "noop"}, "status": "ok"}
2025-12-22T18:25:59.681354 x_socket: {"data": {"status": "noop"}, "status": "ok"}
2025-12-22T18:25:59.947887 x_socket: {"data": {"jobId": "9", "type": "solve", "args": {"simdir": "f_500000916.6666667", "Fsolve": "500000916.666666686534882", "iterative_order": "2", "Iovm": "/level9/design.ovm", "Icalc": "/../../Run0001/project.input", "Igeo": "/../../Run0001/geometry.input", "lvldir": "level9"}, "status": "started", "data": [], "workerId": "1", "processed": 0}, "status": "ok"}
PROGRESS 26
PROGRESS 27
PROGRESS 28
PROGRESS 29
PROGRESS 30
PROGRESS 31
PROGRESS 32
PROGRESS 33
PROGRESS 34
PROGRESS 35
PROGRESS 36
PROGRESS 37
PROGRESS 38
PROGRESS 39
PROGRESS 40
PROGRESS 41
PROGRESS 42
PROGRESS 43
PROGRESS 44
PROGRESS 45
PROGRESS 47
PROGRESS 48
PROGRESS 49
PROGRESS 51
PROGRESS 52
PROGRESS 53
PROGRESS 54
PROGRESS 56
PROGRESS 57
PROGRESS 59
PROGRESS 61
PROGRESS 62
PROGRESS 63
PROGRESS 66
PROGRESS 69
PROGRESS 72
PROGRESS 74
PROGRESS 75
PROGRESS 90
PROGRESS 100

 8. Frequency: 500.001 MHz      Unknowns:   30220
    Solver:  Direct threaded 64-bit
    CPU time: 00:00:02.9    Elapsed time: 00:00:01.2    Memory: 226.000 Mbyte 
2025-12-22T18:26:00.573700 x_socket: {"data": {"status": "noop"}, "status": "ok"}
2025-12-22T18:26:00.834303 x_socket: {"data": {"jobId": "10", "type": "solve", "args": {"simdir": "f_250000958.33333334", "Fsolve": "250000958.333333343267441", "iterative_order": "2", "Iovm": "/level9/design.ovm", "Icalc": "/../../Run0001/project.input", "Igeo": "/../../Run0001/geometry.input", "lvldir": "level9"}, "status": "started", "data": [], "workerId": "1", "processed": 0}, "status": "ok"}
PROGRESS 26
PROGRESS 27
PROGRESS 28
PROGRESS 29
PROGRESS 30
PROGRESS 31
PROGRESS 32
PROGRESS 33
PROGRESS 34
PROGRESS 35
PROGRESS 36
PROGRESS 37
PROGRESS 38
PROGRESS 39
PROGRESS 40
PROGRESS 41
PROGRESS 42
PROGRESS 43
PROGRESS 44
PROGRESS 45
PROGRESS 47
PROGRESS 49
PROGRESS 50
PROGRESS 51
PROGRESS 52
PROGRESS 53
PROGRESS 54
PROGRESS 56
PROGRESS 57
PROGRESS 58
PROGRESS 60
PROGRESS 61
PROGRESS 62
PROGRESS 63
PROGRESS 65
PROGRESS 68
PROGRESS 70
PROGRESS 71
PROGRESS 72
PROGRESS 74
PROGRESS 75
PROGRESS 90
PROGRESS 100

 9. Frequency: 250.001 MHz      Unknowns:   30220
    Solver:  Direct threaded 64-bit
    CPU time: 00:00:03.1    Elapsed time: 00:00:00.9    Memory: 226.000 Mbyte 
2025-12-22T18:26:01.479546 x_socket: {"data": {"status": "noop"}, "status": "ok"}
2025-12-22T18:26:01.746208 x_socket: {"data": {"status": "noop"}, "status": "ok"}
2025-12-22T18:26:02.000318 x_socket: {"data": {"jobId": "11", "type": "solve", "args": {"simdir": "f_125000979.16666667", "Fsolve": "125000979.166666671633720", "iterative_order": "2", "Iovm": "/level9/design.ovm", "Icalc": "/../../Run0001/project.input", "Igeo": "/../../Run0001/geometry.input", "lvldir": "level9"}, "status": "started", "data": [], "workerId": "1", "processed": 0}, "status": "ok"}
PROGRESS 26
PROGRESS 27
PROGRESS 28
PROGRESS 29
PROGRESS 30
PROGRESS 31
PROGRESS 32
PROGRESS 33
PROGRESS 34
PROGRESS 35
PROGRESS 36
PROGRESS 37
PROGRESS 38
PROGRESS 39
PROGRESS 40
PROGRESS 41
PROGRESS 42
PROGRESS 43
PROGRESS 44
PROGRESS 45
PROGRESS 46
PROGRESS 47
PROGRESS 48
PROGRESS 49
PROGRESS 50
PROGRESS 51
PROGRESS 52
PROGRESS 53
PROGRESS 54
PROGRESS 55
PROGRESS 56
PROGRESS 57
PROGRESS 59
PROGRESS 60
PROGRESS 61
PROGRESS 62
PROGRESS 63
PROGRESS 66
PROGRESS 69
PROGRESS 71
PROGRESS 72
PROGRESS 74
PROGRESS 75
PROGRESS 90
PROGRESS 100

10. Frequency: 125.001 MHz      Unknowns:   30220
    Solver:  Direct threaded 64-bit
    CPU time: 00:00:02.8    Elapsed time: 00:00:01.1    Memory: 226.000 Mbyte 
2025-12-22T18:26:02.603053 x_socket: {"data": {"status": "noop"}, "status": "ok"}
2025-12-22T18:26:02.864852 x_socket: {"data": {"status": "noop"}, "status": "ok"}
2025-12-22T18:26:03.117745 x_socket: {"data": {"jobId": "12", "type": "solve", "args": {"simdir": "f_62500989.583333336", "Fsolve": "62500989.583333335816860", "iterative_order": "2", "Iovm": "/level9/design.ovm", "Icalc": "/../../Run0001/project.input", "Igeo": "/../../Run0001/geometry.input", "lvldir": "level9"}, "status": "started", "data": [], "workerId": "1", "processed": 0}, "status": "ok"}
PROGRESS 26
PROGRESS 27
PROGRESS 28
PROGRESS 29
PROGRESS 30
PROGRESS 31
PROGRESS 32
PROGRESS 33
PROGRESS 34
PROGRESS 35
PROGRESS 36
PROGRESS 37
PROGRESS 38
PROGRESS 39
PROGRESS 40
PROGRESS 41
PROGRESS 42
PROGRESS 43
PROGRESS 44
PROGRESS 45
PROGRESS 47
PROGRESS 48
PROGRESS 49
PROGRESS 50
PROGRESS 51
PROGRESS 53
PROGRESS 54
PROGRESS 55
PROGRESS 56
PROGRESS 57
PROGRESS 58
PROGRESS 59
PROGRESS 61
PROGRESS 62
PROGRESS 64
PROGRESS 65
PROGRESS 66
PROGRESS 68
PROGRESS 70
PROGRESS 71
PROGRESS 73
PROGRESS 74
PROGRESS 75
PROGRESS 90
PROGRESS 100

11. Frequency: 62.501 MHz      Unknowns:   30220
    Solver:  Direct threaded 64-bit
    CPU time: 00:00:02.8    Elapsed time: 00:00:01.1    Memory: 226.000 Mbyte 
2025-12-22T18:26:03.701860 x_socket: {"data": {"status": "noop"}, "status": "ok"}
2025-12-22T18:26:03.955940 x_socket: {"data": {"status": "noop"}, "status": "ok"}
2025-12-22T18:26:04.212906 x_socket: {"data": {"jobId": "13", "type": "solve", "args": {"simdir": "f_5500000083.333334", "Fsolve": "5500000083.333333969116211", "iterative_order": "2", "Iovm": "/level9/design.ovm", "Icalc": "/../../Run0001/project.input", "Igeo": "/../../Run0001/geometry.input", "lvldir": "level9"}, "status": "started", "data": [], "workerId": "1", "processed": 0}, "status": "ok"}
PROGRESS 26
PROGRESS 27
PROGRESS 28
PROGRESS 29
PROGRESS 30
PROGRESS 31
PROGRESS 32
PROGRESS 33
PROGRESS 34
PROGRESS 35
PROGRESS 36
PROGRESS 37
PROGRESS 38
PROGRESS 39
PROGRESS 40
PROGRESS 41
PROGRESS 42
PROGRESS 43
PROGRESS 44
PROGRESS 45
PROGRESS 46
PROGRESS 47
PROGRESS 48
PROGRESS 49
PROGRESS 51
PROGRESS 53
PROGRESS 55
PROGRESS 56
PROGRESS 57
PROGRESS 59
PROGRESS 62
PROGRESS 63
PROGRESS 64
PROGRESS 67
PROGRESS 69
PROGRESS 72
PROGRESS 73
PROGRESS 74
PROGRESS 75
PROGRESS 90
PROGRESS 100

12. Frequency: 5.5 GHz      Unknowns:   30220
    Solver:  Direct threaded 64-bit
    CPU time: 00:00:03.0    Elapsed time: 00:00:01.1    Memory: 226.000 Mbyte 
2025-12-22T18:26:04.844361 x_socket: {"data": {"status": "noop"}, "status": "ok"}
2025-12-22T18:26:05.111527 x_socket: {"data": {"status": "noop"}, "status": "ok"}
2025-12-22T18:26:05.363134 x_socket: {"data": {"jobId": "14", "type": "solve", "args": {"simdir": "f_5750000041.666667", "Fsolve": "5750000041.666666984558105", "iterative_order": "2", "Iovm": "/level9/design.ovm", "Icalc": "/../../Run0001/project.input", "Igeo": "/../../Run0001/geometry.input", "lvldir": "level9"}, "status": "started", "data": [], "workerId": "1", "processed": 0}, "status": "ok"}
PROGRESS 26
PROGRESS 27
PROGRESS 28
PROGRESS 29
PROGRESS 30
PROGRESS 31
PROGRESS 32
PROGRESS 33
PROGRESS 34
PROGRESS 35
PROGRESS 36
PROGRESS 37
PROGRESS 38
PROGRESS 39
PROGRESS 40
PROGRESS 41
PROGRESS 42
PROGRESS 43
PROGRESS 44
PROGRESS 45
PROGRESS 46
PROGRESS 47
PROGRESS 48
PROGRESS 49
PROGRESS 50
PROGRESS 51
PROGRESS 52
PROGRESS 53
PROGRESS 54
PROGRESS 55
PROGRESS 56
PROGRESS 58
PROGRESS 60
PROGRESS 61
PROGRESS 62
PROGRESS 63
PROGRESS 66
PROGRESS 68
PROGRESS 71
PROGRESS 72
PROGRESS 73
PROGRESS 74
PROGRESS 75
PROGRESS 90
PROGRESS 100

13. Frequency: 5.75 GHz      Unknowns:   30220
    Solver:  Direct threaded 64-bit
    CPU time: 00:00:02.8    Elapsed time: 00:00:01.1    Memory: 226.000 Mbyte 
2025-12-22T18:26:05.949463 x_socket: {"data": {"status": "noop"}, "status": "ok"}
2025-12-22T18:26:06.214552 x_socket: {"data": {"jobId": "15", "type": "solve", "args": {"simdir": "f_3000000500.0", "Fsolve": "3000000500.000000000000000", "iterative_order": "2", "Iovm": "/level9/design.ovm", "Icalc": "/../../Run0001/project.input", "Igeo": "/../../Run0001/geometry.input", "lvldir": "level9"}, "status": "started", "data": [], "workerId": "1", "processed": 0}, "status": "ok"}
PROGRESS 26
PROGRESS 27
PROGRESS 28
PROGRESS 29
PROGRESS 30
PROGRESS 31
PROGRESS 32
PROGRESS 33
PROGRESS 34
PROGRESS 35
PROGRESS 36
PROGRESS 37
PROGRESS 38
PROGRESS 39
PROGRESS 40
PROGRESS 41
PROGRESS 42
PROGRESS 43
PROGRESS 44
PROGRESS 45
PROGRESS 46
PROGRESS 47
PROGRESS 48
PROGRESS 49
PROGRESS 50
PROGRESS 51
PROGRESS 53
PROGRESS 54
PROGRESS 56
PROGRESS 57
PROGRESS 58
PROGRESS 60
PROGRESS 63
PROGRESS 64
PROGRESS 67
PROGRESS 69
PROGRESS 70
PROGRESS 72
PROGRESS 73
PROGRESS 74
PROGRESS 75
PROGRESS 90
PROGRESS 100

14. Frequency: 3 GHz      Unknowns:   30220
    Solver:  Direct threaded 64-bit
    CPU time: 00:00:02.9    Elapsed time: 00:00:00.9    Memory: 226.023 Mbyte 
2025-12-22T18:26:06.807565 x_socket: {"data": {"status": "noop"}, "status": "ok"}
2025-12-22T18:26:07.066974 x_socket: {"data": {"status": "noop"}, "status": "ok"}
2025-12-22T18:26:07.320451 x_socket: {"data": {"jobId": "16", "type": "solve", "args": {"simdir": "f_2500000583.3333335", "Fsolve": "2500000583.333333492279053", "iterative_order": "2", "Iovm": "/level9/design.ovm", "Icalc": "/../../Run0001/project.input", "Igeo": "/../../Run0001/geometry.input", "lvldir": "level9"}, "status": "started", "data": [], "workerId": "1", "processed": 0}, "status": "ok"}
PROGRESS 26
PROGRESS 27
PROGRESS 28
PROGRESS 29
PROGRESS 30
PROGRESS 31
PROGRESS 32
PROGRESS 33
PROGRESS 34
PROGRESS 35
PROGRESS 36
PROGRESS 37
PROGRESS 38
PROGRESS 39
PROGRESS 40
PROGRESS 41
PROGRESS 42
PROGRESS 43
PROGRESS 44
PROGRESS 45
PROGRESS 46
PROGRESS 47
PROGRESS 48
PROGRESS 49
PROGRESS 51
PROGRESS 52
PROGRESS 53
PROGRESS 54
PROGRESS 55
PROGRESS 56
PROGRESS 57
PROGRESS 59
PROGRESS 60
PROGRESS 62
PROGRESS 64
PROGRESS 67
PROGRESS 69
PROGRESS 71
PROGRESS 73
PROGRESS 74
PROGRESS 75
PROGRESS 90
PROGRESS 100

15. Frequency: 2.5 GHz      Unknowns:   30220
    Solver:  Direct threaded 64-bit
    CPU time: 00:00:02.9    Elapsed time: 00:00:01.1    Memory: 226.023 Mbyte 
2025-12-22T18:26:07.919241 x_socket: {"data": {"status": "noop"}, "status": "ok"}
2025-12-22T18:26:08.176168 x_socket: {"data": {"status": "noop"}, "status": "ok"}
2025-12-22T18:26:08.429876 x_socket: {"data": {"status": "noop"}, "status": "ok"}
2025-12-22T18:26:08.682055 x_socket: {"data": {"status": "noop"}, "status": "ok"}
2025-12-22T18:26:08.934353 x_socket: {"data": {"status": "noop"}, "status": "ok"}
2025-12-22T18:26:09.190679 x_socket: {"data": {"status": "exit"}, "status": "ok"}
