0.21055650949515478
0.20603799087297753
0.20356941987286156
0.20334334611340027
0.19794002523453025
0.19672327362864822
0.19474494207713777
0.1930310813848802
0.18896201985153052
0.18798913524800467
0.18673904819357284
0.18516021666662932
0.18471660391040809
0.18349523784532287
0.1820733426089981
0.18110192567543909
0.18056090665183638
0.17966289128273286
0.17915857310162825
0.17865090998770103
0.17535599123913101
0.17321839291001875
0.17188995484146663
0.16883632362873627
0.16833208336157271
0.16755862531970778
0.1672023897551107
0.16707695863197772
0.16677714518357967
0.16651860060243415
0.16599263912738124
0.16543348570822292
0.16428520659248724
0.16414382248998105
0.16337167254686227
0.1629955085682239
0.16289042809346985
0.16284751827408303
0.1628225687609326
0.16247434288546048
0.16175996060928927
0.16010874809024642
0.16007637147738632
0.15928101906407174
0.1590125395494971
0.15712983325081295
0.1569585728804824
0.15689424232539195
0.15676500498336771
0.15675763552374763
0.15619506835510655
0.15577204774069284
0.15466964267273811
0.15355904355078814
0.15329364393757242
0.14952979115258427
0.14939185311205885
0.14936955922453435
0.14931709891626546
0.14910869508487856
0.14829743067699097
0.14803182225055941
0.14802130128975435
0.14798375866133473
0.14769979541919268
0.14702360692379177
0.14595241337606843
0.14488307125365832
0.14371460758006588
0.14356944303015873
0.14341136351711903
0.14341067036956706
0.1430607954469274
0.14273185476601591
0.14265860404053168
0.14257495218081148
0.14257189107145932
0.14213541686351816
0.14139958204796538
0.14119533093095132
0.14064035696711824
0.14042593206627307
0.13988379226689018
0.1390816364295252
0.13867728943486018
0.13784275144371319
0.13775704773254729
0.13745007952482621
0.13731590734489754
0.13722178016359823
0.13659543206673422
0.13643727955095317
0.1347759904955485
0.13360389294555294
0.13262533068297683
0.13241056541597415
0.13183685559892927
0.13125464221634481
0.13115061022024399
0.13096979837715433
0.13078578131247165
0.12984225853074799
0.12932573561086888
0.12911060559585813
0.12891180790934123
0.12878437477605736
0.1281659043729001
0.12728261983695496
0.12667285440268664
0.12645634766631428
0.12624611346764988
0.12564828957559138
0.12500682606570901
0.12427158782216104
0.12366770116394664
0.12318392304880249
0.12303597908666147
0.12266620338428616
0.12241299790210212
0.12222250517731648
0.12187905568213357
0.1217308868544683
0.12171424504090785
0.12134809406467539
0.12096080346888173
0.12036388148952623
0.12019723893332215
0.11964654365502489
0.1195502354998647
0.11947714334265819
0.11906205177759202
0.11863391119744356
0.11755590035742007
0.11676134022337664
0.115930253050156
0.11534135246502907
0.11470983183306525
0.11440693040253606
0.11440266443308306
0.11431345085146973
0.1142353841384197
0.11407015194481945
0.1140463577382466
0.11383130958905295
0.11302254578821515
0.11295510421673816
0.11203000175293697
0.11151961065706437
0.11136451735068587
0.10958060849265243
0.10942872821514157
0.10914764531693599
0.10898045460032314
0.10848688641290022
0.10824696669629201
0.10707331567072036
0.1065217369574737
0.10644107981046602
0.1064003327979243
0.10633624293595299
0.10629658348612227
0.10588648322338172
0.10559868023351138
0.10537864970561178
0.10503707235080645
0.10496914923622455
0.10487241814745063
0.10474043973154404
0.1047276115563676
0.10436081757692355
0.10395003820309316
0.10390973764834154
0.1028087061505281
0.10275387373034972
0.10266922199903532
0.10252363606357928
0.10242746419059576
0.10239315716351316
0.10205734390625733
0.10178449951244758
0.10101995452475165
0.10021447383977505
0.099714438089650026
0.099378427203301811
0.099290588614663763
0.098306066110613696
0.098275250336340311
0.098015860909629771
0.09743989242467678
0.096727500783713366
0.095882115841944268
0.095763818706286086
0.095596960311604542
0.094907742866627856
0.094422910115407738
0.09378913991999796
0.093627405526155519
0.093381834566388808
0.093264146817346766
0.093220044127207774
0.093129999502209404
0.092951380074108955
0.092252599514447364
0.091999041323897607
0.091943082912614299
0.091743394687192698
0.091650402214390136
0.091583245892725207
0.091183648079239413
0.091061682203500124
0.090942005069891141
0.090828334959128648
0.090544026990833026
0.090302424465867392
0.090072105934004859
0.089674999110269549
0.089487802922276108
0.089265329734717375
0.089264097358854516
0.088365505924374033
0.088073156890500881
0.087392999634948593
0.087329892734708994
0.086703740309397481
0.086603783650300456
0.086450595464686572
0.086215838408078088
0.086021458216109625
0.085829640135529392
0.08573664751312661
0.085606780691231024
0.08554385898437869
0.08554240028847733
0.085454062935164485
0.08543626678650322
0.085229139638363857
0.085089397900028535
0.084744785183538729
0.084666404574271742
0.084335122396728829
0.083859681304701589
0.083799358695537604
0.083446133585409712
0.082923433100086999
0.082802384934931444
0.082648356846474216
0.081550555102277947
0.080885200447545783
0.080743983625537016
0.080615041580368627
0.080559623196751709
0.080260205079853042
0.080048796550191467
0.079851123531551424
0.079641133392087296
0.079589704063045635
0.079578049907239157
0.079504568910809967
0.079436392283944668
0.079326430082957797
0.079250817647743652
0.079243843876274839
0.079113679004705395
0.079072612868708009
0.079000237818379226
0.078953437559624043
0.078889110749151864
0.078690137758531398
0.078677822498922509
0.078675181895783264
0.07845427969286875
0.078439320033453941
0.078417512981898543
0.077933058672099084
0.07789328797505965
0.077594839357314885
0.077259156706288107
0.077158812813409222
0.077121785625164876
0.077012835241079186
0.07662364804743281
0.076578827955628634
0.076329686495897414
0.076311373561828211
0.076296269168332917
0.076174589313666954
0.076134434076499904
0.075916767915540376
0.075849991929728605
0.075713935598352475
0.075668758122518498
0.075552613008928599
0.075403861177562329
0.075393392222618261
0.075283280694776092
0.075180678322488786
0.074941643932457391
0.074686854520322046
0.074464493934866663
0.07443936559652195
0.074251675505295864
0.073947328301050552
0.073744733698863529
0.073639926151584378
0.073537936269453236
0.073444879198222818
0.07325183304657186
0.073153413163222922
0.073048953890981358
0.073021030198106171
0.072989574464444831
0.072901611530264962
0.072856315082541936
0.072816050596375442
0.072716240841595489
0.072711184740391122
0.072652243670288011
0.072568600520182769
0.07211723428001196
0.07202458317635467
0.072021875133084265
0.071814479081833527
0.071680733532762761
0.071396985941162075
0.071283689087713237
0.071080713719265345
0.071017460644435051
0.07081273487235383
0.070678781275610711
0.070640918313593939
0.070580649595656103
0.070519533671145898
0.070425105970027657
0.070146903995746857
0.070008973676199696
0.069825400208679833
0.069734109391872953
0.069612542878374914
0.069524182103005663
0.069484222189597433
0.069273021289038741
0.069094721070584481
0.069054227766524506
0.068979025823594498
0.068966362047307883
0.068745047532785902
0.06851671481010016
0.068492304559817085
0.068354621449115083
0.068276111878261714
0.068239393787450697
0.068172395140022379
0.068042624640416854
0.067864348425801219
0.067568452676445942
0.067449042785724056
0.067366564719017211
0.067292725031718473
0.067270279295559537
0.067138260943149106
0.066968449839583818
0.066965545182602351
0.066893320696895561
0.066192008833696456
0.066181272219631382
0.066175671071611819
0.066115856625735964
0.066103967097314767
0.065951679002839339
0.065863597018642403
0.065585568926057991
0.065275335297673376
0.065245358982420801
0.065235004762094456
0.065108547701756378
0.06491589877018282
0.064909531008936885
0.064790487094371019
0.064713494740633079
0.064677376563316277
0.064632441875947133
0.064606402087524675
0.064564284301429922
0.064492604475252277
0.064372573782748826
0.063788343368008774
0.063766869918562424
0.063714844337983842
0.063701388157901925
0.063699876019284812
0.063694444575749604
0.063569714724312942
0.063376548813710853
0.063224986350000761
0.063129216787258857
0.063100864111749949
0.063099563761089175
0.063014864953525054
0.062922712081866547
0.062878699680807018
0.062876545704803416
0.062864520098607587
0.062837723829205563
0.062816466732695475
0.062329591195255211
0.062252148071773414
0.062243280086764018
0.062225034526737819
0.06208193423514035
0.061932478341096366
0.061819622179129702
0.061700802564828447
0.061617491040567289
0.061527639918315329
0.061189549084642754
0.061020559817468255
0.060825360470581971
0.060471173539013344
0.060368532504341016
0.060298701081914735
0.060278641891255993
0.060133794629622983
0.059957782457057567
0.059809782269285502
0.059687395006015151
0.059632012610379211
0.059166988719821248
0.058927738310697135
0.058863245562886184
0.058790277492830348
0.058777427781214427
0.058680967110536456
0.05861591524320478
0.058518657573393071
0.058383891631828402
0.058221753834453674
0.05821946994460038
0.058000542031660871
0.057940545416540278
0.057801831674064934
0.057699158101235652
0.057654460335520158
0.05748660255189663
0.057366040660413425
0.05734359491239055
0.057338291118319049
0.057228561256179838
0.05697712696585034
0.056973796897200585
0.056964787919752922
0.05686921895016208
0.056817404523597084
0.056806752045660568
0.056788548934168723
0.056721007209106784
0.056691943319140764
0.056672293128336847
0.056638414483810552
0.05663654252851124
0.056417071978489115
0.056344620933721154
0.05628983305434046
0.055904315349020198
0.055864577082727386
0.055720753963456333
0.055705432780231282
0.055685163877576931
0.055644585156905083
0.055610477258261369
0.055572331030655064
0.055535683748365483
0.055426172014378806
0.055404632011866115
0.055392231612056676
0.05533686464773601
0.055304542497236063
0.05526858746071299
0.055207649310542575
0.055162080668306669
0.055095468481018921
0.055033226983407242
0.054812637359682566
0.054778041252445515
0.054777195283900161
0.054709488470305843
0.054673466144515917
0.054655471646416931
0.05442629557324264
0.054423062565776746
0.054380271835590403
0.054230177764479547
0.054223920361811534
0.054018857498876853
0.054013207758321538
0.053953435915036908
0.053734900661561891
0.053570665511645472
0.053193357428370072
0.053134016902069821
0.053000802387500677
0.052997905518659343
0.052967058678966984
0.052800064243912245
0.052657556341205794
0.052512595945492554
0.052448690540967936
0.052447067483831718
0.052395320427636685
0.052304167348476635
0.052248057356345329
0.05219937301222468
0.052057924484178522
0.05198379263229682
0.051873858417230773
0.051843416943647878
0.051807211183159452
0.051770480629172902
0.051730804702676207
0.051651892484801738
0.051441529901925638
0.051281450078626313
0.051266960301655923
0.051189442171244867
0.051132089234313706
0.051059290477126262
0.05085034769868739
0.050768150964954351
0.050723387155348784
0.05060993548965096
0.050530272755513195
0.050482539289523787
0.050388978971967091
0.050317914798356685
0.050268022409164559
0.050109017237879812
0.050028353995099722
0.049996939788447957
0.049994012423857391
0.049992141757663956
0.049876838144149165
0.049875718623993495
0.049858211934689166
0.049841281239235764
0.049782575433058654
0.049715657228422319
0.049422203276176149
0.0494079114600195
0.049402089151912069
0.04939202529849876
0.049319202496686733
0.049195130188818541
0.049112973820608655
0.049056795709564054
0.048940360257207674
0.04887600161925576
0.048790326828046848
0.048268937492818437
0.048236774608344635
0.048217248417410867
0.048053554002413984
0.047909298280530942
0.04789063001814392
0.047884734148661456
0.047697414387833703
0.047493235994443245
0.047490030609784191
0.04738559554306461
0.04715992430110949
0.046909135514955264
0.046811503547777439
0.046722448632851819
0.046431142392583676
0.046391279764564676
0.046336245654326202
0.046334443428301494
0.046239431383590518
0.046218602752359554
0.046217560071499228
0.04619047023059876
0.046085584242291061
0.046036727454275318
0.04602370057311081
0.045877408648172961
0.045804991263859597
0.045733237770391545
0.045624840180172689
0.045459551859691895
0.045392110584406113
0.045312945202109295
0.045228221096320527
0.04515705791659979
0.045053747574548386
0.044958534196987615
0.044955582441355821
0.044865624500562092
0.044763198208181532
0.044723977383068401
0.044720602811361365
0.044556944542800632
0.044468818977917463
0.044341015484515182
0.044250023626202319
0.044092819042091259
0.043990666918932379
0.043949256604486849
0.043834013894122233
0.043754693744406485
0.043669589551490161
0.04360471582199079
0.043462104647123696
0.043422562283097994
0.043367434716140942
0.043336909439336713
0.043330239044400955
0.043329346036296131
0.043242000271847138
0.043222703116960755
0.043105874610490466
0.043034947654405006
0.043014629577787435
0.042850249914007418
0.042802460215782705
0.042784338885458108
0.042693489717633461
0.04263282655888901
0.04261678641714875
0.042541725062150267
0.042134111801297773
0.042044628998310178
0.041919665355984757
0.041858818138700564
0.041828095330511898
0.04178826483616236
0.041761675534009703
0.04171876031748873
0.04163254570079393
0.041543911094589221
0.041487785048457466
0.041407469327177766
0.041308395478232014
0.041268146804401495
0.041158402184435831
0.041096195677216611
0.040771187430081172
0.040707328463868084
0.040694519867371805
0.040672005282886468
0.040661910761396108
0.040618046396414455
0.04056617155603659
0.040455186838801283
0.04044839646746106
0.04038760612522059
0.040287959648076292
0.040256536229495571
0.040215729103000031
0.04016260915273781
0.040020590577001927
0.039802067419409316
0.039667336366002212
0.039664794313281293
0.039627705304411273
0.039603949743961434
0.039507392833124377
0.039349260996587108
0.039301273639913863
0.039217736780652629
0.039176640708636107
0.039150378255303465
0.039012827420147875
0.038876698062004687
0.038793030065601995
0.038775234229025096
0.038749074834737669
0.03873446405770898
0.038730803681356257
0.038686012479330158
0.038295011609859431
0.038252422757202399
0.038235596250227412
0.037976709844908946
0.037927083458888892
0.037856124233166422
0.037696861450084176
0.037669588970943267
0.037524796140747156
0.037289098036299477
0.037288665064652525
0.037226297697418607
0.037224351688780723
0.037127775967516652
0.037008636267910143
0.036846876371442482
0.036798370523168922
0.036771562938542793
0.036744812403658872
0.036734060412931167
0.036707259980378236
0.03665053056840719
0.036631258184882783
0.03662714118625849
0.036623929371048212
0.036587856684517965
0.036491851434846317
0.036433710250758013
0.03632327256988737
0.036125201654996573
0.036073908487522455
0.036070072132285184
0.0359919351638723
0.035958047629648791
0.035836073280766753
0.03576322646181105
0.035678000829978816
0.035661301244907309
0.035660270946990348
0.035473947556568221
0.035434223437982457
0.03529377397574638
0.035293497370484039
0.035268858072378347
0.035225072729206948
0.035182139917410052
0.035151933926167854
0.035099288390713988
0.035076438832690293
0.03503910927759657
0.03500027229046105
0.034903969080845122
0.034849729813464042
0.034839083592110381
0.034796059405882367
0.034764662232487337
0.034721782612161314
0.034720425368192066
0.034630856328817468
0.03455759398878179
0.034462567057504827
0.034429559336095067
0.034360178255803363
0.034336165206993494
0.034287591205163677
0.034192487632803047
0.034188225461268353
0.034187835784832879
0.034080813254469912
0.033979528309828963
0.03396308090831196
0.033811986844407206
0.033794201960550059
0.033779370053449179
0.033712826900554702
0.033631451940980696
0.033626780230078292
0.033619741026438374
0.033612749912863095
0.03351594332923228
0.033473904400393419
0.03344588896328729
0.033438235591310837
0.03342594405022592
0.033423959783187067
0.033411228645529312
0.033409507407271069
0.033376233194667274
0.03335031918757287
0.033326679197579132
0.033317195439778138
0.033235945884758249
0.03323186986410176
0.033151405309897373
0.033139173375500333
0.033135563785858038
0.03311343059083089
0.03303284044149727
0.033000309420476791
0.032971685808891704
0.032888324064818106
0.032727273137043655
0.032658498263720866
0.032591998357122953
0.032462578259828026
0.032381098207599122
0.03227135098424113
0.032215239227523083
0.03217736819847012
0.032153029568271999
0.032140242413555904
0.031910339760990718
0.031898774464744067
0.031858415531007316
0.031845507485200764
0.031815120328807213
0.031751160810636704
0.031717464488430214
0.031702056380614387
0.031665949102436405
0.031588336658582454
0.031526193151703429
0.031521037443516593
0.031492669751514948
0.031491965133002411
0.031468725858420803
0.031466204830627453
0.031422588023556804
0.031414572160918447
0.031410936142285892
0.031263986630374586
0.031192878531230497
0.03116932812595891
0.031120885113583224
0.031115692949987558
0.03111289850195486
0.031074805429940604
0.03100696260429623
0.030992383845443224
0.030702947094574589
0.030643002886938123
0.030641441057965371
0.030591201259613784
0.030534404731133679
0.030508443387283205
0.030506190322351877
0.030484676157193611
0.030451902706748329
0.030434802106166701
0.030402674045076312
0.030289193382074048
0.030255361987351431
0.030135066358897587
0.030073147921598618
0.030044088323421359
0.030035141857682447
0.030025295803515394
0.030003963171379412
0.029983699443598629
0.029950862633462003
0.029949332614650253
0.029904623836883127
0.029848391070909634
0.029846306565054704
0.029836430474379443
0.029825352052383999
0.029822890611647515
0.029805234315256921
0.029772681803963526
0.029760167085400396
0.029759776708038071
0.029747718477717254
0.029723569330856424
0.029706770719765588
0.029646815127168252
0.029626453474549466
0.029602096057255483
0.029573862403981788
0.029495429020552428
0.029476632768288893
0.029458947943883571
0.029410361871609544
0.029406467160990657
0.029363346734334453
0.029344471450711184
0.029330194260767675
0.029246887007258124
0.029215043298384879
0.029166861893691508
0.029164974654254799
0.029110146762141902
0.029099886315735079
0.029092712965705602
0.029025249784311685
0.029018376570611137
0.028936283017830435
0.028914927619113209
0.02882038885550911
0.02881762129962449
0.028785011255930075
0.028758865085923499
0.028758299824351102
0.028722111951286933
0.028632719508743392
0.028572662825094849
0.02851481139621773
0.028500377173049901
0.028492111209590956
0.028439674784289281
0.028434588136058744
0.028372967360846327
0.028365016222483778
0.028320587769381272
0.028276067791598993
0.028272426625167251
0.028269818070535559
0.028268762810015023
0.028244398601720552
0.028168160776601951
0.028158934996693068
0.028148550858066047
0.028062051538663677
0.028040681987445411
0.027952432646070283
0.027950905976346224
0.02791535439688796
0.02780416617752246
0.027794405250099338
0.02778214780987712
0.027667575550122833
0.027640786437438634
0.027631763843284619
0.027597827954980694
0.027596992127655661
0.027536822368264408
0.0274955717115071
0.027486195864808632
0.027451674301170126
0.027450958016512501
0.027415974012766294
0.027412221573328937
0.027335126307399236
0.027309300118571904
0.027298486536768932
0.027205003896841187
0.027172228112378714
0.02713688712796003
0.027102104344534587
0.027082044656763039
0.027064640616643345
0.027032589904050493
0.026976341919144851
0.026922586570868021
0.026915154829205624
0.026860885133867755
0.026843749908840017
0.026804152440158168
0.026691792803827424
0.026688269859187229
0.026687338355228182
0.026675178463574409
0.026669742240255701
0.026630048541705174
0.026560621672277664
0.026474720566932824
0.026451747471215044
0.026421313523734734
0.026406742404088451
0.026390387092703697
0.026382275358326646
0.026357788144432029
0.026324037417277683
0.026314571631458547
0.026258010602775019
0.026147183640880194
0.026134040284421234
0.026084489777786025
0.026062070891033597
0.026056711962458647
0.025922960071395211
0.025839419266047586
0.025814186413559048
0.025769064105000364
0.025739400051129957
0.025731467513392597
0.025714791093453242
0.025661427502278147
0.025631740132780616
0.025580067191823867
0.025496033607461256
0.025454030812787257
0.025359032373681832
0.025357572942872515
0.025320001576009363
0.025291851195188585
0.025285335227243248
0.025241096511166919
0.025186274781987927
0.025106618084948795
0.024987479828527358
0.024964465931675159
0.024944877229016393
0.024935843855818679
0.024921227209264155
0.024865467238715189
0.024830763603216146
0.024787895453119865
0.024776707460617796
0.024759755480718928
0.024733258489740683
0.024707274351914953
0.024703208522933746
0.024666801227458662
0.024654052130522804
0.02455716524958004
0.024551355904601613
0.024542357077146793
0.02452753183474337
0.024481126054124166
0.024429670142511413
0.024422682291266765
0.024403778430914461
0.02437498691207083
0.024368154986720677
0.024347654556324223
0.024287671425691229
0.02428565436146804
0.024204621815346199
0.024154606398070329
0.024091442016140323
0.024076147362430585
0.024063396137690013
0.024045563866675716
0.024041754030920182
0.024026510132055121
0.023995095497030886
0.023886114841559364
0.023876688504809552
0.023874440270212141
0.023870739494894929
0.023864372509555146
0.023805012123409918
0.023793182853587069
0.023645749811856964
0.023644683185346266
0.023632573344598107
0.023568170155454173
0.023561316137272706
0.023558783760942399
0.023546011114210081
0.023513267043151792
0.023497250240836157
0.023491456113598815
0.023467170035604227
0.02346643412781324
0.023451196490957456
0.023438183313350142
0.023390841885805289
0.023321657212647773
0.023296796114096675
0.023266213631956242
0.023256115820694256
0.023212210115824052
0.023195602244743284
0.023193301966111159
0.02318881379719423
0.023151041876418345
0.023105188527821681
0.023101064322939742
0.02308508971858729
0.023081477101498285
0.023004057046632793
0.022996903126552167
0.022895317130185066
0.022811324048745328
0.022784035582720567
0.022706549361874329
0.022621889728334812
0.022619147657526192
0.022572244212377905
0.022544672863337795
0.022491853912117311
0.022467244313448612
0.022405393120607811
0.02234280356395963
0.022287053619443335
0.022286081796092025
0.022259392523754376
0.022238155239025545
0.022212427050947198
0.022169749407192629
0.022137240390577677
0.022114843236097029
0.022061566624953944
0.022059251116616403
0.022026234181248858
0.021993756849140348
0.021974485902543285
0.021922487116411385
0.021914313642521745
0.021893263811317572
0.021860528269085206
0.02184348738239518
0.021825990238980051
0.021804755992941845
0.021708515703172445
0.021704811596218596
0.021693877884216485
0.021675633260362228
0.021662191919314046
0.021654783023443969
0.021626944737731611
0.021594041640457768
0.021589595143876344
0.021570275602699251
0.02155902854527959
0.021526427403714053
0.021518193102440148
0.021485060898392951
0.021465615485045955
0.021448190439557868
0.021388273534651451
0.02137680956357435
0.021365903668201725
0.021353166193188968
0.021341346657772903
0.02134061476727649
0.021312660198692497
0.021302529312085823
0.021298247567190617
0.021273848062782697
0.021254978326093132
0.021239640716698732
0.021234976851753018
0.02121607415441255
0.021214395729551704
0.02121292415513918
0.021171395377952658
0.021165671932010823
0.021157410491136428
0.021147182466660603
0.021135933408749551
0.021100793937296015
0.021078029635273141
0.021043064885271235
0.021019881342559981
0.021017007914712827
0.021009926335720672
0.020997523984076737
0.020986715284585934
0.020970475665746412
0.020945765383867852
0.020943386133873372
0.020943275570323883
0.020883228101337602
0.020874439877969008
0.020872116930330011
0.020866831254362419
0.020852918250766416
0.020851407100000649
0.020851396798502585
0.020821624103589502
0.020811471210660678
0.020769456960225439
0.020747131806510097
0.020706105493982389
0.020656975993268888
0.020649462420270919
0.020636942442969704
0.020628802959619684
0.020610621443358994
0.020601674740375255
0.02057904076038319
0.020568771056033337
0.020564250471251634
0.02052175729632021
0.020418377804808454
0.020398161476106284
0.020373254696101427
0.020338313137434467
0.020319818699047008
0.020284628099466795
0.02026703796428345
0.020264883813328118
0.020257481386616268
0.020251212404919953
0.020201826837733552
0.020184414326640719
0.020158452988303582
0.020146169671242154
0.020124516716528366
0.020102796909003361
0.020093396705500692
0.020081652235333543
0.020075360400963659
0.019988884988843228
0.019929604245456367
0.019928731916000083
0.019918575354547521
0.019916105414430018
0.019893774906200864
0.019884606138608128
0.019867481864148051
0.019822309092600687
0.019821143720873614
0.019818803844884481
0.019784222666694971
0.019777327271367096
0.019757179962046671
0.019753163665839159
0.019740118768004765
0.019710620033003758
0.019708694031923431
0.019702298495019251
0.019656067772760865
0.019655449448291434
0.019646672660032671
0.019632884775446693
0.019613015342111632
0.019585527431750828
0.019573099305723363
0.019564320446226954
0.019542234340258428
0.019515188278767932
0.019513451205495528
0.019476700438528241
0.019475620184593562
0.019475543272623373
0.019457697846051978
0.019454036553398692
0.019398220877689276
0.019373666111353164
0.01935230247248703
0.019328718350478891
0.019298932707300629
0.019275920673938466
0.019273925408702815
0.019263011755818234
0.019246196740212319
0.019194039858279308
0.019181237391441376
0.019171348772097606
0.019112984076297176
0.01909154105269633
0.019086389529100294
0.019061000150558088
0.019050179590564875
0.019040791462186079
0.019036813970495198
0.019012357776124776
0.018987676460986112
0.018948319501777167
0.018943240263105499
0.018942849595327275
0.018862741404752227
0.018846572422095725
0.018845393966563321
0.018844745118148598
0.018829044451677442
0.018810559096203255
0.018782220214046953
0.018767914098904385
0.018766471601618269
0.018755074272516381
0.018742195166455675
0.018708202718991918
0.018688453072699888
0.01868646144669462
0.018633498063755097
0.018631141266737431
0.018627360742786821
0.018569682450571185
0.018566356058371321
0.018562195378627147
0.01855998182543895
0.018559135957971217
0.018533040371005702
0.018520494555040238
0.018517070175912927
0.01846310909046945
0.01845759563106112
0.018381330689333921
0.018373972157774591
0.018362024027721725
0.018316175141590754
0.018296352991715212
0.018294844910552582
0.01828100414446187
0.018266160608302676
0.01824988338285434
0.018210448421702923
0.018208134783882945
0.018203091998234517
0.018195437170196217
0.018173692942923647
0.018168873234098527
0.018161656554186629
0.018122080642589234
0.018117826803710043
0.01810893468561409
0.018082498364695016
0.018065465678544147
0.018055075694266405
0.018026470798920367
0.018019460761727259
0.017972200156813885
0.017969244841984561
0.017964592513062937
0.017921765320690824
0.017917082579060391
0.017899874003959718
0.017899228413680527
0.017891692469888646
0.017868735411702651
0.017867327021708231
0.01785571472072877
0.01783989671650537
0.017835565193758191
0.017835060572660818
0.017829080042490883
0.017828634923176302
0.017810802832483805
0.017787042387545055
0.017765573228456337
0.017710194277800226
0.017678545571043269
0.017644964132641907
0.017629203453310198
0.01762173545088264
0.017602265034237823
0.017585106789698952
0.017582920553759186
0.017579662536893113
0.017577672542605897
0.017557770002743577
0.017542187339542055
0.017507668389548675
0.017453366093975339
0.017426140599656834
0.017422202381820462
0.017418815743659718
0.017374683619162598
0.017372568396371888
0.017363569017171017
0.017361234595829236
0.017351685788503809
0.017344537008264105
0.017323398219605962
0.017323161836858947
0.017322976877184326
0.017322103987349798
0.017262223043624677
0.017257907334910248
0.017242267531449057
0.017238080287827841
0.017236022123217714
0.017205114512554104
0.017137134173581873
0.017127888255405899
0.017103226949290673
0.017095042594954632
0.017064170206738682
0.017058710668308691
0.017056068062827043
0.017046026793316845
0.017043317276956484
0.017024248598973821
0.017018197090677877
0.017015249624190373
0.017009028436388823
0.016979356998876882
0.016969974827552987
0.016938019205175847
0.016914437519733434
0.016911687367099935
0.016899214189160558
0.016870375439303975
0.016864920200839829
0.01685897836073089
0.01683718500811154
0.016819714556357578
0.01681440895114374
0.016799410915473257
0.016791072562415358
0.01676092790302006
0.016755630705267397
0.016752869039338723
0.01674490973685825
0.016737079751142348
0.016728411244715573
0.01669455562743891
0.016677027427011128
0.016668067626215064
0.016662757452652929
0.016650619304369285
0.016642778604034188
0.016637534615668012
0.016600619072172793
0.016576952860637467
0.01656780957133213
0.016558764584447425
0.016558680871021015
0.016536825884288668
0.016528901295875451
0.016508712538632946
0.016499859028469253
0.016422098940839087
0.01638025653425898
0.016378100801269765
0.016370170623873997
0.016351598804758772
0.016342373288382443
0.016337434765102053
0.016309006938638529
0.016285033301160518
0.016230863316816516
0.016217832359902172
0.016211196058485918
0.016191757068237941
0.016186422611689403
0.01616529118032841
0.016165227478490383
0.01611855217653196
0.016075668476041968
0.016071839203437101
0.016039535682261404
0.016023934303005177
0.016012313432602305
0.01600966888191592
0.015993217913775368
0.015987482614320019
0.015958457928022533
0.015949963127222844
0.015944232889662308
0.015932239458702823
0.015920567004513882
0.015917931314483828
0.015913715604797627
0.01589273002708699
0.015888159719807973
0.015877289190363034
0.015862118470746256
0.015846321191645411
0.015844862798841459
0.015839127531743588
0.015815534128091967
0.015815079241259019
0.01581413337434439
0.015801236383078725
0.01577721220401548
0.015775993782925948
0.015759676046157942
0.015751835111422339
0.015743724583334832
0.015725548557381626
0.015713729642039757
0.015692077487518354
0.015684356897972641
0.015684273250743078
0.015625254338301201
0.015581279252624123
0.015569089027987005
0.01556479914232102
0.015564562778912338
0.015563695480002717
0.015562650925345735
0.015548148049636621
0.015520669007614995
0.015519037801262207
0.015511241905469745
0.015480852025151344
0.015476774560036762
0.015397440121164374
0.015396421450465894
0.015368145871817044
0.015358156862285493
0.015336263795463987
0.015331676288718704
0.015263522401295774
0.015260521923794422
0.015252516797551517
0.015249241617856199
0.015239139142237791
0.015203205740032711
0.0152011255110935
0.015199466611098019
0.015177426808395627
0.015150826813640083
0.015148562245207473
0.015146578014308971
0.015141144599849419
0.01513734746698992
0.015135077792795841
0.015122291345889409
0.015089439758072243
0.015089057801345037
0.015072735671037639
0.015040010687795684
0.015037778117772458
0.015006522177983797
0.014986105910911854
0.014982662960612798
0.014982266620498608
0.014976040563478631
0.014975474142837907
0.014970732294102097
0.014966479433706298
0.014930973232092718
0.01492906827331628
0.014916416067191966
0.014916236899386181
0.014915629455066004
0.014910681854446745
0.014900741460269474
0.014900741068165779
0.014867182198979676
0.014857540100813435
0.014853594352682549
0.01481329703393228
0.014784351978580815
0.014783567493912748
0.01476789075415964
0.014762997480539213
0.014761794737183085
0.014755490051977628
0.014741892786104237
0.014729949554950153
0.014711908562312886
0.014700919965070593
0.014684721420150438
0.014659905046645516
0.014656921908769579
0.014645803184897475
0.014643115139410247
0.014640588759957697
0.014636236393809746
0.014633955560661554
0.014627068914732179
0.014623433626183931
0.014602914738254444
0.014572282633110735
0.014568240546729892
0.014555756052996626
0.01455214952862431
0.01454369125959344
0.014501316495332019
0.014482769082341839
0.014468368484001093
0.014466825195222318
0.014446412531725057
0.014433713111824386
0.014425051310342543
0.014424825123757134
0.014419772258162655
0.01441865802999312
0.014418455593540746
0.014413225278797756
0.014409697650118965
0.01439502266170835
0.014393219979637025
0.014382802388792418
0.01438058832974041
0.014378060930710982
0.014361156267679649
0.014330323821669613
0.014328356691458214
0.014326685289381129
0.014297366922360331
0.014295952793639939
0.014275949327218771
0.014274883738558751
0.014267152132646259
0.014266325899601686
0.014235433650154859
0.014195152510548493
0.01419168500127314
0.014158131373504685
0.014138789001164021
0.014134418875458391
0.014125493146267289
0.014108630849947212
0.014096527795022495
0.014081647059511558
0.014073376528156056
0.014044750268061132
0.014043752163730942
0.014022725901706001
0.014019885932300047
0.0140118208508385
0.013997783466850535
0.013986526776939418
0.013984659873989306
0.013984030119954418
0.013978401994303339
0.013977791011978871
0.013971686294571427
0.013959628449177393
0.013955078694393046
0.0139445907136958
0.013937517058341837
0.013916855980575503
0.013910239359657536
0.013896462868766852
0.013890434591950366
0.013870668988230287
0.013857365009890701
0.013853305819771294
0.013843236909081107
0.013833675252263117
0.013825132100938315
0.013812834297112836
0.013811462870531855
0.013795477564181435
0.013794229691633419
0.013781127170267882
0.013774957777476943
0.013757519548588107
0.013670344304655201
0.013660230266232587
0.013636469572125004
0.013633971329015112
0.013631886919094425
0.013608144214714318
0.013596855977914093
0.013596598716393814
0.013594680459099581
0.013581186628789219
