Momentum MomEngine_64 2022.00.265 (*) built: Jul  2 2021
Copyright  1992 - 2021 Keysight Technologies
Geometry processing started on: Mon Dec 22 18:25:17 2025
Using the minimal snap distance of 0.0004 mm
(4 layout resolution points) for layout healing.
Layout simplification started
.........|.........|.........|.........| 
Layout simplification finished
Geometry processing finished on: Mon Dec 22 18:25:17 2025
Starting FEM simulation.
Setting environment for using simulator engine
Setting EMPROHOME to C:\Program Files\Keysight\ADS2022\fem\2022.00\win32_64\bin\
Setting PYTHONHOME to C:\Program Files\Keysight\ADS2022\fem\2022.00\win32_64\bin\\tools\win32\python (override using EMPRO_PYTHONHOME)
Setting PYTHONPATH to C:\Program Files\Keysight\ADS2022\fem\2022.00\win32_64\bin\ (override using EMPRO_PYTHONPATH)
License checkout started
License checkout completed
License checkout started
License checkout completed
CONFIGURATION VARIABLES WITH NON-DEFAULT VALUES:
                                        Actual             Default
  
  
FEM engine                : 410.000 2021-07-26
FEM solver                : 1.3.11
AFS                       : 3.1.1
Machine                             : windossimucst1
Maximum number of threads           : Automatic
Date                                : Mon Dec 22 18:25:25 2025
Design                              : C:\Users\simucstvsl\ADSCourse\TutorialTemplate\TutorialTemplate\simulation\TutorialTemplate_lib\Mline\layout\emSetup_FEM\proj.ep\Simulations\000001\emds_dsn\design
FEM Mesher: 2.7.0
    
Automatic initial target mesh size: 1.67e+01 mm
   
 
INITIAL MESH
------------
 
nbPoints     : 315
nbTetrahedra : 1267
  
REFINING
--------
                     |              MESHING                |                           SOLVING
 level    frequency  |  nbTetr  Elapsed time    CPU time   |  nbUnknowns   mem(GB)   Elapsed time    CPU time  Delta(S)             solver  nbIter     normRes            
---------------------|-------------------------------------|--------------------------------------------------------------------------------------------------
     1    6.000 GHz  |    1267    00:00:00.3  00:00:00.2   |        8872     0.078     00:00:00.4  00:00:01.1         /               Dm64                                
     2    6.000 GHz  |    1476    00:00:00.1  00:00:00.1   |       10248     0.088     00:00:00.4  00:00:01.2    0.1025 [-&gt;0.0200]    Dm64                                
     3    6.000 GHz  |    1808    00:00:00.1  00:00:00.1   |       12432     0.105     00:00:00.5  00:00:01.5    0.0576 [-&gt;0.0200]    Dm64                                
     4    6.000 GHz  |    2134    00:00:00.1  00:00:00.1   |       14560     0.113     00:00:00.6  00:00:01.6    0.1307 [-&gt;0.0200]    Dm64                                
     5    6.000 GHz  |    2454    00:00:00.1  00:00:00.1   |       16650     0.129     00:00:00.7  00:00:02.0    0.0275 [-&gt;0.0200]    Dm64                                
     6    6.000 GHz  |    2831    00:00:00.1  00:00:00.1   |       19080     0.144     00:00:00.8  00:00:02.2    0.0794 [-&gt;0.0200]    Dm64                                
     7    6.000 GHz  |    3297    00:00:00.1  00:00:00.1   |       22102     0.171     00:00:00.9  00:00:02.8    0.0739 [-&gt;0.0200]    Dm64                                
     8    6.000 GHz  |    3805    00:00:00.1  00:00:00.1   |       25400     0.188     00:00:01.0  00:00:03.2    0.0295 [-&gt;0.0200]    Dm64                                
     9    6.000 GHz  |    4548    00:00:00.2  00:00:00.1   |       30220     0.217     00:00:01.2  00:00:03.9    0.0832 [-&gt;0.0200]    Dm64                                
    10    6.000 GHz  |    5316    00:00:00.2  00:00:00.1   |       35144     0.262     00:00:01.5  00:00:04.9    0.0174 [-&gt;0.0200]    Dm64                                
 
COMPUTING SOLUTION
------------------
 
sample    frequency  |  nbUnknowns    mem(GB)  Elapsed time     CPU time  solver  nbIter     normRes
---------------------|------------------------------------------------------------------------------
     1    0.000 Hz   |       30220      0.220    00:00:02.5   00:00:04.3      LF                    
     2    6.000 GHz  |       30220      0.217    00:00:01.2   00:00:03.9   reuse                    
     3    2.000 GHz  |       30220      0.220    00:00:01.1   00:00:02.6    Dm64                    
     4    4.000 GHz  |       30220      0.220    00:00:00.6   00:00:02.5    Dm64                    
     5    1.000 GHz  |       30220      0.220    00:00:00.8   00:00:02.7    Dm64                    
     6    1.500 GHz  |       30220      0.221    00:00:01.1   00:00:02.9    Dm64                    
     7    5.000 GHz  |       30220      0.221    00:00:01.1   00:00:02.6    Dm64                    
     8    4.500 GHz  |       30220      0.221    00:00:01.1   00:00:02.7    Dm64                    
     9  500.001 MHz  |       30220      0.221    00:00:01.2   00:00:02.9    Dm64                    
    10  250.001 MHz  |       30220      0.221    00:00:00.9   00:00:03.1    Dm64                    
    11  125.001 MHz  |       30220      0.221    00:00:01.1   00:00:02.8    Dm64                    
    12   62.501 MHz  |       30220      0.221    00:00:01.1   00:00:02.8    Dm64                    
    13    5.500 GHz  |       30220      0.221    00:00:01.1   00:00:03.0    Dm64                    
    14    5.750 GHz  |       30220      0.221    00:00:01.1   00:00:02.8    Dm64                    
    15    3.000 GHz  |       30220      0.221    00:00:00.9   00:00:02.9    Dm64                    
    16    2.500 GHz  |       30220      0.221    00:00:01.1   00:00:02.9    Dm64                    
------------------------------------------------
DISTRIBUTION SUMMARY:
controller with id 0    on windossimucst1 
solver with id 1    on windossimucst1:  #freq:15    
------------------------------------------------
------------------------------------------------
  Total Elapsed Time = 0:00:47
------------------------------------------------
Simulation results can be reused
The simulation results have been saved in dataset "Mline_FEM".
