0.98557655908624342
0.973894961545402
0.9625844565658922
0.96040184198800316
0.94907451617752026
0.93842638050928717
0.92763227783077873
0.92761080036296684
0.92701003414134953
0.91055260919842851
0.90483754949988637
0.88499575413700227
0.88299493948539576
0.8822800311157647
0.86831697918846573
0.86268178355545755
0.86171367440392144
0.85909035980728221
0.85363435137943333
0.84799136280900578
0.84344597853429659
0.84076790879235541
0.83810374387482756
0.82626537671414846
0.82147375444349613
0.81851259826823097
0.80437958971422807
0.80268400590683298
0.78845803974937301
0.78684926482957629
0.77731226030873779
0.76649979484387942
0.7646763615765414
0.75906628052284375
0.75476085422392336
0.75423127571310977
0.74365547725325343
0.73430604023149226
0.7283950683572159
0.72765091921687908
0.72747762105325164
0.72719305438689619
0.72151133187989958
0.718255523648344
0.71799409379793033
0.71562246143616526
0.70880572419643995
0.70820590600501676
0.70592187413295393
0.70544205219824896
0.70447115350477374
0.70272077348317696
0.70214917718817349
0.69330052134024989
0.69250153277069137
0.6862164163729273
0.68598075263157299
0.68567883871717406
0.68434865106735943
0.6835433280462152
0.67937046988104111
0.67460841012519612
0.67320889478613377
0.6637434623938705
0.66301635558524508
0.65955718896573301
0.65752453920125475
0.65710156994709235
0.65443057484623601
0.65360926793070651
0.65135696807724497
0.65020921758310535
0.64613773028034982
0.64266835104880482
0.6423365856311507
0.64197163410463542
0.64121127915080178
0.63396290864642502
0.63352069869519589
0.62754811241125386
0.62666180957025874
0.62635881323324427
0.62575607085996654
0.62565684187017723
0.62358612374384237
0.62282721258438056
0.62246531750739043
0.6217136518005677
0.62113695677215264
0.6189095898943221
0.61721553761425008
0.61686330491115815
0.61350575945679486
0.61252146545980513
0.61216313459500027
0.61131332142098072
0.61094392445629031
0.60981989447533602
0.60963585166725698
0.60871551006310909
0.60833815601785313
0.60280424211483086
0.59294548729786345
0.59214387282464997
0.59097132428410626
0.58993217454668312
0.58981410864270667
0.58683995211336548
0.58336831436033287
0.58190154356454338
0.57942808711860594
0.57886505015627998
0.57724199250211972
0.57602389522766895
0.5754483218100982
0.57496190880808029
0.57421267173115798
0.57106775025623435
0.56639819323646667
0.56581574279356339
0.5648259777836987
0.56351000450865252
0.56204064381148811
0.56081778820807437
0.56063762789355198
0.55960703264248823
0.55830187450902413
0.55704167626339041
0.55393862829016938
0.55382568984445102
0.55090075676521899
0.54162068075551906
0.54007361424852762
0.53755294916855545
0.53686404104322538
0.53508498276460059
0.5346926758661269
0.53361638683810864
0.53149420630898048
0.53145080989927829
0.52966369530217483
0.52915903153594601
0.52812766281321588
0.52770861534486446
0.52495855396843616
0.52486081793393236
0.5221592845829286
0.52200758512262113
0.52060758150305242
0.51951692298287433
0.5194026416065266
0.51424769535374837
0.51211856571283765
0.51139227141213939
0.50800257990826603
0.5076717170382371
0.50690604630025826
0.50578537065577989
0.50532083667892902
0.49960519660631614
0.49881653897503286
0.49705237286699999
0.49635764832809937
0.49586075081520053
0.49439671244037375
0.49138586802410139
0.48908184338192573
0.48792136557635329
0.48310062530877046
0.48210558016451133
0.48208905401595409
0.48208168043226801
0.48151808582869643
0.47802027263084973
0.47772253015136767
0.47671971097121835
0.4746727412189829
0.47286283687135316
0.47239914132567107
0.47153030173995486
0.46934838327217093
0.46505273071145298
0.46422661764785639
0.46246246848151951
0.45974507466496439
0.45954078883271382
0.45905388254337404
0.45791542010654551
0.45589124213009463
0.45572061142502679
0.45356103675874249
0.4534329434576817
0.45300707841144666
0.44963168001580295
0.44729967317308877
0.44485481643225711
0.4436209726411165
0.44274101661098192
0.44184478265356486
0.44094239318679251
0.4396113383960778
0.43893350379331048
0.43835540955240515
0.4383500809764006
0.4375248251992942
0.43536755533409205
0.43511433757448215
0.43402511860336962
0.43399755919344013
0.43240705956820857
0.43228944291028942
0.42971683531487748
0.42883101328732187
0.42880050625578314
0.42518599338010676
0.42487292700982687
0.42321437662311462
0.42125926995126889
0.42101349566580121
0.42077063703936413
0.41949518456468515
0.41935837817500421
0.41906827224262805
0.41775363788673403
0.41768860902157062
0.41447377072664743
0.41202774722422325
0.41072056532185924
0.41039022416631771
0.40932376132114023
0.40901701811894897
0.40629250255470245
0.4056990499500937
0.40566640814051264
0.40332984645760089
0.40215688884926831
0.40211047325633381
0.40106170788958262
0.39650012324867151
0.39343351861685566
0.39171503134022639
0.39102147896599831
0.39003473062225918
0.38921968941862878
0.38916141953663569
0.38559268306362926
0.38008113451729791
0.37710632160971225
0.37597399251112018
0.37471828635791138
0.37420431751461281
0.3731497943208596
0.37060479426618737
0.36983750972451479
0.36923313911551675
0.36921834155475558
0.36912952255234788
0.36763797583645508
0.36642760307494859
0.36281723073427247
0.36280891236157292
0.36137406485957912
0.36136358942801244
0.36125624354832336
0.36096549798077765
0.35979630283986497
0.3578010964205583
0.35766748073151805
0.35597331004790472
0.35541730460459831
0.35498310918204257
0.35229870933779178
0.35119511175393542
0.35047500754069738
0.3459121690073651
0.34422123001954646
0.34378424169134403
0.34323398117902687
0.34318479644647948
0.34207083457688964
0.34120345739913605
0.34100878083205166
0.34054557624063903
0.33892980539839335
0.33785740005912995
0.33766777342481746
0.33760219075107073
0.33759555820679676
0.33643829979439993
0.33615994677945571
0.33540240942134675
0.33524861530915034
0.3351428647554815
0.3348966562600672
0.33481815786040436
0.3342806690122182
0.33098213440049767
0.33062773392732664
0.32986198945192491
0.32935271657067861
0.329232462586527
0.32834702004939154
0.32789032319215888
0.32569744914183668
0.32517816715983228
0.32457486893150728
0.32408905511676028
0.32377660914928297
0.3221334204089214
0.32213177799882514
0.32181700551434522
0.32161365440689377
0.32034253085050263
0.3196843619086896
0.31825135401570342
0.31805384898552702
0.31660476325652115
0.31629935159769251
0.3151929254031493
0.31449720725227287
0.31399848416230136
0.31319064273482849
0.31235622447261557
0.31199079690184101
0.31142306435427042
0.31097073026096461
0.3101708131096555
0.30989275620397899
0.30960614996374997
0.3089987378532113
0.30891480827817425
0.30868980174493471
0.30717617777272632
0.30711868641314943
0.30630426104796749
0.30453565946301647
0.30202821138487573
0.30183231017174389
0.30180414314427328
0.3016178449415714
0.30028540624529854
0.29961803767643341
0.2993156371478421
0.29927979925765541
0.29855678665256913
0.29821090339218886
0.29805544009545154
0.29762041178017701
0.29758102524104513
0.29416834433905115
0.29407918302162972
0.29255083453292047
0.29149680801233174
0.29035925405269664
0.29030820094435977
0.29002981260057065
0.28946273136304018
0.28945414166195116
0.28895673013204198
0.28889233459480629
0.28889050092729579
0.28858070210256331
0.2883062692419876
0.28813709851719455
0.28748970733481771
0.28738158322973034
0.28670986723344788
0.28670108419079171
0.28641325511651888
0.28441606088954896
0.28437319403812611
0.28384215919704209
0.28357147578396658
0.28307030304705899
0.2828909694514149
0.28232420249960866
0.28118442260367282
0.2808457377418786
0.28067736563260265
0.28045902662044597
0.28021550406851031
0.27987255234976577
0.27850122679967199
0.27701215726473888
0.2759100623996511
0.27553129674202731
0.27510550640446685
0.27500663651195806
0.27388851023202521
0.27326637357793693
0.2724456631655256
0.27209456840386514
0.27149407643533174
0.27101797731895871
0.2703153159248598
0.27031123844374394
0.26997099992547863
0.26949421169878018
0.26883146481923464
0.26867894087175676
0.26851482514895014
0.26848842489648944
0.26834008400752168
0.26823614206756496
0.26764143215975794
0.2675158572308311
0.26744420996441326
0.26567166207014731
0.26566509766440954
0.26397124341820905
0.26360774462449227
0.26359048188213302
0.26336569986907299
0.26277845971321556
0.26275086096686662
0.26268153364479246
0.26236188103335151
0.26233987001711845
0.26205738580954441
0.26195692148575606
0.26139252904854721
0.26114882029905501
0.26010159531237825
0.26006271819497195
0.25964542522961154
0.25963168679831172
0.25883539291001545
0.2574321874495159
0.25741320425697917
0.2563974857593786
0.25608791071335257
0.25542781738056008
0.25513679949904
0.25455350880649952
0.25449437490420912
0.25427783792821995
0.25426181288763988
0.25384942933207311
0.25323894593371071
0.2512946618282374
0.24995313490671422
0.24979932808620237
0.24964785689776831
0.24889502560910398
0.24885436586903192
0.24872239008334149
0.24868792425506253
0.24860645383381028
0.24808840572410415
0.24784492934849303
0.24685381519185129
0.24659954897930983
0.2460204079627101
0.24587306474854442
0.24523876665877203
0.24520346116850725
0.24462949955687138
0.24370699864577416
0.24317950892973383
0.242107322102736
0.24138452759499696
0.24098518580159625
0.23927197570402137
0.23907872417585138
0.23872337132036767
0.23779428670793673
0.23705512502479861
0.23665808157510448
0.23624522164746511
0.2346121331403406
0.23453887390349676
0.23341782247667159
0.23295117992614084
0.23290500112580478
0.2321308354098785
0.23169914291727425
0.23145914163578965
0.23095134244705415
0.23061785278332547
0.23028312475415794
0.22995851466373574
0.22925081041282808
0.22870594128818192
0.2283390663103938
0.22779982663232909
0.22644589447351351
0.22511250791577381
0.22460024822239288
0.22412422889593389
0.22379387643463369
0.22347430739417876
0.22343747375563583
0.2227820701593608
0.22259352602244153
0.22239001378453183
0.22196502185163944
0.22172161894979586
0.22153899148749229
0.22029085346245508
0.21990925983069409
0.21925886554251856
0.21857252302995833
0.2182427450016039
0.21777544832740031
0.21776578237698632
0.21771542513078412
0.21723337001747892
0.21642204658797262
0.21627967931756492
0.21604279898774487
0.21527885251104342
0.21526939532080586
0.21519748971874231
0.21482732669741866
0.21479063358272318
0.21444806527925483
0.21438790293779286
0.21393046772349572
0.21385449817762645
0.21316092346061516
0.21289508616606762
0.21262872288926074
0.21173267144370655
0.21172386406267454
0.20972871323469261
0.2093954824113608
0.20921256724342691
0.20904760124651522
0.20874232035269374
0.20845696690136037
0.20748557643668059
0.20738253669948209
0.2073371962555518
0.20728788545728663
0.20722605018797727
0.20715229659813036
0.20705643241569313
0.20698278598259101
0.2069681477045098
0.20690513916373837
0.20652800784710407
0.20437271402123441
0.20322667016281709
0.20315610769003611
0.20298765060974402
0.20262073021558022
0.20237059280382638
0.20189409015764448
0.20148016383193754
0.20129996462924529
0.20125759106765265
0.2005235845071954
0.20037452539963607
0.19914255098611991
0.19892614234001099
0.19846702889359222
0.19794958363552737
0.19788576809323263
0.19785935721590614
0.1976222033300728
0.19756143640677937
0.19727037220504171
0.19711034043591003
0.19629378296142092
0.19581748434863336
0.19569608297521227
0.19549303177971786
0.1947711594282962
0.19447267983942829
0.19392753747838035
0.19364138740314102
0.19354122454356862
0.19349876903075669
0.19249709935444459
0.1924796358992214
0.19141540721825637
0.19139542966843059
0.19126841305708431
0.19125284326616757
0.19078936995143611
0.19051567716383583
0.19005626147944216
0.189644028774858
0.18960271975877929
0.18856944983126445
0.18755402193862095
0.18727157581033604
0.18725116370803763
0.18719111299643917
0.18710810120654878
0.18697461022840872
0.18680387147681204
0.18644533268316549
0.18643021072620838
0.18640521552705935
0.18631397719155798
0.18568497532203987
0.18536343529851207
0.18533032603137484
0.1852506497577501
0.1850045587911571
0.18441111675618152
0.1841185498237275
0.18396852388684523
0.18361765692594481
0.18324720059704996
0.18233192517355956
0.18224345218824006
0.18138727364487123
0.18135176552095295
0.18127554250739306
0.18121010828763057
0.18099241247392997
0.18085562574609276
0.18016809431757214
0.18006150093246218
0.17988152096727625
0.17975842149706062
0.17974388647280454
0.17947687598844944
0.17898576627102722
0.17886623698146539
0.17884249762231369
0.17850011433591079
0.17838068195810181
0.17818102606677988
0.1778651221169931
0.17773755148428272
0.17713344118197619
0.17698155375853847
0.17639663518672211
0.17627483129356816
0.17618141222952896
0.17530068266924539
0.17468547354317546
0.17453171765953862
0.17387759954142296
0.17380657628629897
0.17282224271143617
0.17204946051462905
0.17189094491588039
0.17188061694831611
0.17148919387896686
0.17133635688489943
0.17124079152319782
0.1709460187339599
0.17091816305499338
0.17037653390343593
0.1699760290761142
0.16936732856799386
0.16913561579357997
0.16891241932183637
0.16885060576233668
0.16882598623646408
0.16821212678472106
0.16777725740581867
0.16754574144910134
0.16689467811820832
0.16671062737184683
0.16647360812759379
0.16578210528243204
0.16572642449494449
0.165269301057305
0.1650821215561801
0.1648723444112529
0.16475606231707854
0.16360592385207653
0.16267106034503484
0.16211326700812714
0.16181418078691168
0.16152957689879402
0.16115606384718292
0.16105941373887384
0.1606718863669313
0.15998664345843686
0.15962217050158189
0.159589926158444
0.15941182522729405
0.15921402102868862
0.15908142817049453
0.1590008712158571
0.15816766639112284
0.15739891992985633
0.15709267846576189
0.15673961941386794
0.15647944083926493
0.15625941736676602
0.15608485624655161
0.15604213376677348
0.15596047925808953
0.15500340817717906
0.15482785292711471
0.15461291291450485
0.15424914926456484
0.15409396926874194
0.15399301417651948
0.15351987963756217
0.15316320829610017
0.1527257201717736
0.15255605043652581
0.1520026056787121
0.15174450938941417
0.15116152343300507
0.15103853490481697
0.15058045370185369
0.14958964498342114
0.14958959642456479
0.14923914381048292
0.14888495454799971
0.14887352992608247
0.14870016207876058
0.14816691244643324
0.1479367159568275
0.14766539143228369
0.14757088093662046
0.14703335538289078
0.146164839899667
0.14596954588414146
0.14568935373861011
0.1456658272557832
0.14500614919112273
0.14368249623297699
0.14336444030302245
0.14320956860997805
0.14316046307508981
0.14303517000365146
0.14206255697600126
0.14181147404568878
0.14180336154406004
0.14179342787150101
0.14169401216661634
0.14156163440248754
0.14148095260106314
0.14130475301555614
0.14121046781832416
0.14068994643204727
0.14060268815024332
0.14031459054432588
0.14001416445909901
0.13969059398958883
0.13940131558252686
0.13922231023113837
0.13853946128536368
0.13847038194735142
0.13821561914205613
0.13816725251284404
0.13783678860292875
0.13744024798842347
0.13736133719784979
0.13727017132788105
0.13703531958294177
0.13655672337097693
0.13635806141454809
0.13594126387222108
0.13547974609834446
0.13543331550625784
0.13525367740462915
0.13512058842116181
0.13466717042132206
0.13452591389835941
0.13441325781132538
0.1342332457586746
0.13402247484378174
0.13392823680932525
0.1337659924160603
0.13355276897842183
0.13345240018555643
0.13311623448696117
0.13305920861442619
0.13295586376975824
0.13289128840845482
0.13280192063223217
0.13269729944511424
0.13252976456296969
0.13207420517457136
0.13198812203300334
0.13157499291522398
0.13143173300198774
0.13139628799563777
0.13063308943927271
0.13032320329556543
0.13014740361947891
0.13013424597369416
0.12991060223018447
0.12961385083532367
0.12957514205452478
0.12918857798799888
0.12759619687177337
0.12708059760604429
0.12706436112012065
0.12705306473588521
0.12689238667028685
0.12623879706527513
0.12600413531185684
0.12588547404945194
0.12573910315615192
0.12570909308367348
0.12551383193361262
0.12501449872551346
0.12474206899581419
0.12465984212673289
0.12448691941881609
0.12428054601160031
0.12422054261531321
0.12405075161027146
0.12399033941742436
0.12392039542073861
0.1238976513493356
0.12379586582623064
0.12358083856379048
0.12352760501552684
0.12346693612250606
0.12341452516083017
0.12333125385574399
0.12324214520789407
0.12314007360447174
0.12305095833325382
0.12303062126529608
0.122463581019237
0.12222546181971826
0.12221964138393711
0.12209258651562468
0.12180654934027731
0.1217139553593688
0.12171275666773933
0.12164835076521364
0.12156584675020077
0.12101523518910953
0.12096284215219953
0.1206875353226059
0.12065377124330809
0.12057963633372649
0.1203775971659231
0.12035468207405887
0.12011915298349
0.12005951850541564
0.12004011540048651
0.11993985602855461
0.11988157968715307
0.11986090577993466
0.11969688901071525
0.11928051267013262
0.11920659549792885
0.11918684277653709
0.11898740427530294
0.11851746853545364
0.1185086500330491
0.11837571527211002
0.11832417011161585
0.11815289440473349
0.11763790614269355
0.11746699224209885
0.11741642612964431
0.1173761840129243
0.117286012445438
0.11663498873268277
0.11649659548474349
0.11638416042016055
0.11630285289048679
0.11624578044806202
0.11601350948840743
0.11580581264320515
0.11578382569794089
0.11542423642514696
0.11541089889301315
0.11529102180056836
0.11526036034421419
0.11523168222738694
0.1149862032630356
0.11498376723968343
0.11491724084225002
0.11475131634455209
0.11464412529771098
0.11447137103157047
0.11442875667185216
0.11441020001813737
0.11422214979201371
0.11415549921472896
0.11388512139570586
0.1137020983134697
0.11366947984234266
0.11321492203557487
0.11303217777132224
0.11300209132531153
0.11286690379660012
0.11272183797922093
0.11268049466289737
0.11247543676571359
0.11245856019730885
0.11242590574568083
0.11240512729939084
0.11228215521544017
0.11188960743172913
0.11172286779916708
0.11168603111976545
0.11163572735755023
0.11150618961316763
0.11136484337909926
0.11126972503995823
0.11125359841417706
0.11123156474035424
0.11099056106301042
0.11082335875784573
0.11067319867785649
0.11063598561817804
0.11062065788772568
0.11058512227036753
0.1104351987096462
0.11029038750702445
0.10971102336455769
0.10961799059765713
0.10952374027032452
0.1094385260695331
0.10936122683676042
0.10931714621353401
0.1085587185276978
0.1080494770489485
0.10777993121898222
0.10772034693945375
0.10749477409801673
0.10743272074603165
0.1074070268962386
0.10737359927604377
0.10735872039198868
0.10734547954613297
0.10728854064525352
0.10719034201740543
0.10714790812321234
0.10690292324623872
0.106727444342547
0.10670673151834814
0.1066877656482324
0.10664896123325757
0.10595957231969304
0.10583557891746991
0.10578635230261021
0.1057157443101271
0.10563262518492819
0.10534631069605055
0.10531575587809945
0.10484898920272828
0.10477331786623972
0.10442061199774484
0.10423209400063438
0.10412149333561684
0.10387576836725414
0.10368035827647222
0.10367089565400842
0.10354295175574156
0.10351387605499529
0.10340260331977741
0.10308715458953942
0.10235722601648516
0.10235524887445172
0.10230511901333053
0.10227856022364465
0.10226533432469652
0.10204625880302474
0.10200098084461723
0.10157622048731019
0.10144709243316412
0.1013994073557218
0.10134408608592949
0.10127127679897116
0.10116118189865175
0.10101966875359189
0.10099505365032174
0.1009219344961604
0.10069542554135529
0.10057615160440679
0.10049199304172032
0.10042433060048343
0.10040275254407516
0.10004612160459309
0.099998118431344665
0.099841850363214607
0.099820965495741293
0.099554221965753295
0.099513305234633948
0.099074009966292481
0.099046856224496452
0.098963217268351639
0.098904279919219615
0.098776489672277798
0.098414928130498555
0.097855172845888377
0.097823556085032112
0.097629926732483441
0.097571213245597435
0.097547851289358098
0.097463336044594034
0.097406519824818252
0.097155494507225493
0.096989725514542449
0.096859453639479703
0.09650200167728179
0.096459697953606094
0.096418114290363996
0.09636321678652815
0.096158933643320496
0.096038487562975006
0.09600677778381185
0.095977203735673741
0.095740331939699802
0.09559047722720905
0.095585108300091773
0.095239892927603681
0.09498313420074353
0.09494511912550184
0.094802870444377435
0.094501530719752619
0.094230030131802645
0.094229327847043104
0.094154871594604422
0.094105514468811852
0.093858239362092338
0.093734202019721602
0.093587960061499206
0.093420099110999605
0.093315880354737271
0.09292940519329583
0.092911123577509414
0.092897715867595709
0.092869711998614365
0.092858112367664863
0.092604735765348986
0.092462557776492177
0.092437136157875771
0.092366300081948682
0.092351798225306314
0.092340737749550136
0.092196984409328497
0.09207924888589876
0.092020917558386595
0.091971574774512399
0.091881469901394966
0.091586761471165401
0.091582931209136714
0.091160816143942336
0.091083902283208354
0.090776267686061757
0.09076654186133308
0.090621097201219816
0.090610393136215966
0.090403543639042128
0.090153291629944357
0.090089360590987502
0.089787044272831698
0.089646028514543244
0.089531344540025523
0.089402090870603218
0.089320061528545741
0.089268645076741163
0.089097574330508286
0.088792812756124453
0.088779444431053872
0.088511883582734374
0.088356145540633493
0.088161437814653854
0.08803064656990936
0.087973102906040893
0.087725580405695447
0.087654775714808134
0.087201022146190729
0.086954217947755333
0.086944460575375873
0.086929429343613751
0.086765302671406336
0.086335902885508006
0.086305759943083954
0.08630119217487664
0.086249770057038322
0.086217460433183526
0.086208721206526659
0.086040700306169698
0.085968630511117916
0.085859080721137779
0.085807063681822934
0.085729199606284237
0.085698291653087247
0.085689698932153613
0.085652771608648287
0.085612749778492023
0.085573944430053478
0.085453285380822808
0.08542501644705397
0.084939417652946644
0.084858874716514071
0.084808794514823108
0.084803580753782817
0.08469514209420187
0.084617248596558461
0.084562980838768342
0.084541495492113358
0.084424537290893081
0.084420584675378746
0.084269034544212834
0.084147754210233405
0.084096409532479446
0.084060795755494494
0.084016072776117834
0.083978630747623184
0.083914698214781411
0.083725101602531271
0.08365557358473924
0.083313476905359715
0.083282243376659348
0.083194671218386362
0.083072788523660956
0.082882503331770982
0.08263377844782481
0.082528256160519828
0.082496125895848191
0.082384787044716662
0.08237683835969363
0.082374253192751018
0.082114915559637777
0.08209654378663836
0.081794816653100066
0.081772315528382447
0.081569733006009726
0.081398259025821096
0.081277388551700983
0.081160431293531468
0.081085191080808888
0.080855574947415673
0.080742808254630316
0.080652873859436397
0.080332443654136457
0.080297633688431555
0.080265888497724869
0.080195009794197983
0.080192764448328499
0.080151293604636839
0.080089269751289591
0.080031825115438118
0.080025287113411198
0.080016226503485902
0.079955513075572443
0.079934804189659078
0.079919496439801008
0.079867658829090998
0.079846113921752754
0.079733415717781697
0.079594132690100752
0.079494267172524335
0.079459683206003606
0.07936059655609988
0.078957371703669815
0.078897442919851749
0.078874793646120878
0.07858327518057924
0.078498530128433344
0.078293779612775935
0.078198386134784206
0.078165557732790852
0.077977414155492919
0.077851113316811646
0.077773052132953116
0.077768117523649344
0.077766899086065946
0.077705225039271811
0.077649918975132792
0.077557839862055958
0.077499433142157695
0.07746614911889127
0.077383951253294267
0.077205136318211062
0.077141342263756255
0.077056579987712884
0.076922779381698739
0.076838527190811953
0.076778300721419501
0.076674129672913718
0.076661593106144524
0.076625196083106459
0.076600533991830366
0.076544653133008594
0.07653852566987511
0.076277289816075858
0.076204247170610875
0.07611101319367547
0.075959803187798811
0.075911977170378869
0.075910767538262647
0.075875785080108282
0.07587373894745153
0.075701670764540999
0.075675948897342693
0.075667439277208121
0.075606445375345513
0.075489335087422324
0.075306953510283256
0.075209495531298423
0.075097400255883615
0.074855903872140556
0.074741209213465457
0.074701846966093458
0.07465901263328914
0.074437659426749042
0.07437582642175139
0.074325618089240528
0.074243531492154444
0.074162120170555984
0.074005215793799081
0.073993010186935299
0.073952897094792885
0.073805620804423142
0.073739047978377312
0.073677911473578356
0.073594931631224061
0.073496643255435354
0.073382865204746406
0.073320171982466625
0.073258232465045897
0.073032943468731737
0.07299629184493131
0.072823713014070118
0.072797510096295953
0.0727226487115952
0.072694115494103137
0.072327689901938316
0.072135677268205314
0.072048645066454808
0.071954741428238142
0.071924058400858845
0.071896477627527197
0.071682803199356049
0.071597749289705012
0.071572377646412791
0.07154813962197594
0.071255145206068571
0.071241178297622068
0.071191616468692667
0.071123229052892326
0.071026747228486023
0.070936128243417954
0.070834509802208401
0.070781120950092549
0.070779873876066768
0.070693486020086696
0.070552004923309999
0.070492111876862454
0.070321981631684585
0.070301358733184938
0.070118064436666808
0.070100841858488139
0.069966954904046294
0.069927544674700387
0.06986111334835951
0.069819203494552159
0.069717419278186865
0.069662691129318333
0.069622253773616583
0.069564023715891377
0.069545129082366236
0.069448869882480196
0.069429431579324005
0.069394982631724444
0.069214385375885021
0.069191973334865847
0.069064483496563134
0.069055723189174079
0.068998450930781607
0.068987854574338092
0.068937110833433679
0.068883872069992483
0.0688597151661475
0.068730362989827848
0.068635110386854922
0.068615582581565512
0.068585992915858901
0.068576878443811357
0.068283495564549115
0.06824133450243268
0.06822660014573298
0.068143969403088131
0.068085522938895734
0.068061106370066793
0.067970515335338863
0.067955768805809377
0.067896368894220877
0.067831067449020704
0.067781607072429889
0.067623617257694599
0.067576346724177519
0.06745855423803862
0.067365350345899383
0.067324947092102308
0.067295932850145374
0.067228334080019284
0.06709014255587073
0.067002625685847847
0.066877079210223817
0.066834578788689716
0.066706669864977836
0.066554280394877083
0.066386955171604117
0.066385459672021987
0.066366067515321828
0.06634181796917181
0.066341291413460443
0.066289307920758794
0.066282945810305041
0.066253280786904775
0.066136538352252
0.066099884156972571
0.0660820621130324
0.066079638828916515
0.066028448163939116
0.065925466119255621
0.065918691596097617
0.065845335680148637
0.065833452377520807
0.065681906838576457
0.065507201672003204
0.065302889534715899
0.065176934751653398
0.065125163588708512
0.065113223407594401
0.065091629368087128
0.06498082802873692
0.06495535494338793
0.064930117424876949
0.064914076891594674
0.064800925538920098
0.064729724303245834
0.064700397399893278
0.06457958267324089
0.064507678320964462
0.0644826823662457
0.064432053024701078
0.064286150357428587
0.06416019859966321
0.064037291102528385
0.063913000812334295
0.063861681664173511
0.063823713240169638
0.063781052594639856
0.063622807614590687
0.06361798727022519
0.063573635985086349
0.063512975139274258
0.06347287696178025
0.063454207719321823
0.063376826231977643
0.063337387655321736
0.063229245429156172
0.063198336300786237
0.063176970526672149
0.063102988423220985
0.06302489984620338
0.062942133879274401
0.062881745167188724
0.062840563805355021
0.062707209486952339
0.062661015786035446
0.062649585531072485
0.062526362974724234
0.062520434653336884
0.062491401637832178
0.062445967985607344
0.062336565787622082
0.062221106696346375
0.062195611570696752
0.062050563875949573
0.062039741833192816
0.062010790732979611
0.061995696578949967
0.061788283887326906
0.061753530696539702
0.061674205958506083
0.061583896565204327
0.061470273185172696
0.061378601365967247
0.061298224201960357
